

Started GET "/sample_demo/home" for ::1 at 2015-09-02 13:31:32 +1100

ActionController::RoutingError (No route matches [GET] "/sample_demo/home"):
  actionpack (4.2.4) lib/action_dispatch/middleware/debug_exceptions.rb:21:in `call'
  web-console (2.2.1) lib/web_console/middleware.rb:39:in `call'
  actionpack (4.2.4) lib/action_dispatch/middleware/show_exceptions.rb:30:in `call'
  railties (4.2.4) lib/rails/rack/logger.rb:38:in `call_app'
  railties (4.2.4) lib/rails/rack/logger.rb:20:in `block in call'
  activesupport (4.2.4) lib/active_support/tagged_logging.rb:68:in `block in tagged'
  activesupport (4.2.4) lib/active_support/tagged_logging.rb:26:in `tagged'
  activesupport (4.2.4) lib/active_support/tagged_logging.rb:68:in `tagged'
  railties (4.2.4) lib/rails/rack/logger.rb:20:in `call'
  actionpack (4.2.4) lib/action_dispatch/middleware/request_id.rb:21:in `call'
  rack (1.6.4) lib/rack/methodoverride.rb:22:in `call'
  rack (1.6.4) lib/rack/runtime.rb:18:in `call'
  activesupport (4.2.4) lib/active_support/cache/strategy/local_cache_middleware.rb:28:in `call'
  rack (1.6.4) lib/rack/lock.rb:17:in `call'
  actionpack (4.2.4) lib/action_dispatch/middleware/static.rb:116:in `call'
  rack (1.6.4) lib/rack/sendfile.rb:113:in `call'
  railties (4.2.4) lib/rails/engine.rb:518:in `call'
  railties (4.2.4) lib/rails/application.rb:165:in `call'
  rack (1.6.4) lib/rack/lock.rb:17:in `call'
  rack (1.6.4) lib/rack/content_length.rb:15:in `call'
  rack (1.6.4) lib/rack/handler/webrick.rb:88:in `service'
  C:/Ruby22-x64/lib/ruby/2.2.0/webrick/httpserver.rb:138:in `service'
  C:/Ruby22-x64/lib/ruby/2.2.0/webrick/httpserver.rb:94:in `run'
  C:/Ruby22-x64/lib/ruby/2.2.0/webrick/server.rb:294:in `block in start_thread'


  Rendered C:/Ruby22-x64/lib/ruby/gems/2.2.0/gems/actionpack-4.2.4/lib/action_dispatch/middleware/templates/rescues/_trace.html.erb (2.0ms)
  Rendered C:/Ruby22-x64/lib/ruby/gems/2.2.0/gems/actionpack-4.2.4/lib/action_dispatch/middleware/templates/routes/_route.html.erb (1.0ms)
  Rendered C:/Ruby22-x64/lib/ruby/gems/2.2.0/gems/actionpack-4.2.4/lib/action_dispatch/middleware/templates/routes/_table.html.erb (25.0ms)
  Rendered C:/Ruby22-x64/lib/ruby/gems/2.2.0/gems/actionpack-4.2.4/lib/action_dispatch/middleware/templates/rescues/_request_and_response.html.erb (18.0ms)
  Rendered C:/Ruby22-x64/lib/ruby/gems/2.2.0/gems/actionpack-4.2.4/lib/action_dispatch/middleware/templates/rescues/routing_error.html.erb within rescues/layout (1286.9ms)
  Rendered C:/Ruby22-x64/lib/ruby/gems/2.2.0/gems/web-console-2.2.1/lib/web_console/templates/_markup.html.erb (1.0ms)
  Rendered C:/Ruby22-x64/lib/ruby/gems/2.2.0/gems/web-console-2.2.1/lib/web_console/templates/_inner_console_markup.html.erb within layouts/inlined_string (0.0ms)
  Rendered C:/Ruby22-x64/lib/ruby/gems/2.2.0/gems/web-console-2.2.1/lib/web_console/templates/_prompt_box_markup.html.erb within layouts/inlined_string (0.0ms)
  Rendered C:/Ruby22-x64/lib/ruby/gems/2.2.0/gems/web-console-2.2.1/lib/web_console/templates/style.css.erb within layouts/inlined_string (1.0ms)
  Rendered C:/Ruby22-x64/lib/ruby/gems/2.2.0/gems/web-console-2.2.1/lib/web_console/templates/console.js.erb within layouts/javascript (814.6ms)
  Rendered C:/Ruby22-x64/lib/ruby/gems/2.2.0/gems/web-console-2.2.1/lib/web_console/templates/main.js.erb within layouts/javascript (0.0ms)
  Rendered C:/Ruby22-x64/lib/ruby/gems/2.2.0/gems/web-console-2.2.1/lib/web_console/templates/error_page.js.erb within layouts/javascript (0.0ms)
  Rendered C:/Ruby22-x64/lib/ruby/gems/2.2.0/gems/web-console-2.2.1/lib/web_console/templates/index.html.erb (1843.3ms)


Started GET "/static_pags/home" for ::1 at 2015-09-02 13:31:48 +1100

ActionController::RoutingError (No route matches [GET] "/static_pags/home"):
  actionpack (4.2.4) lib/action_dispatch/middleware/debug_exceptions.rb:21:in `call'
  web-console (2.2.1) lib/web_console/middleware.rb:39:in `call'
  actionpack (4.2.4) lib/action_dispatch/middleware/show_exceptions.rb:30:in `call'
  railties (4.2.4) lib/rails/rack/logger.rb:38:in `call_app'
  railties (4.2.4) lib/rails/rack/logger.rb:20:in `block in call'
  activesupport (4.2.4) lib/active_support/tagged_logging.rb:68:in `block in tagged'
  activesupport (4.2.4) lib/active_support/tagged_logging.rb:26:in `tagged'
  activesupport (4.2.4) lib/active_support/tagged_logging.rb:68:in `tagged'
  railties (4.2.4) lib/rails/rack/logger.rb:20:in `call'
  actionpack (4.2.4) lib/action_dispatch/middleware/request_id.rb:21:in `call'
  rack (1.6.4) lib/rack/methodoverride.rb:22:in `call'
  rack (1.6.4) lib/rack/runtime.rb:18:in `call'
  activesupport (4.2.4) lib/active_support/cache/strategy/local_cache_middleware.rb:28:in `call'
  rack (1.6.4) lib/rack/lock.rb:17:in `call'
  actionpack (4.2.4) lib/action_dispatch/middleware/static.rb:116:in `call'
  rack (1.6.4) lib/rack/sendfile.rb:113:in `call'
  railties (4.2.4) lib/rails/engine.rb:518:in `call'
  railties (4.2.4) lib/rails/application.rb:165:in `call'
  rack (1.6.4) lib/rack/lock.rb:17:in `call'
  rack (1.6.4) lib/rack/content_length.rb:15:in `call'
  rack (1.6.4) lib/rack/handler/webrick.rb:88:in `service'
  C:/Ruby22-x64/lib/ruby/2.2.0/webrick/httpserver.rb:138:in `service'
  C:/Ruby22-x64/lib/ruby/2.2.0/webrick/httpserver.rb:94:in `run'
  C:/Ruby22-x64/lib/ruby/2.2.0/webrick/server.rb:294:in `block in start_thread'


  Rendered C:/Ruby22-x64/lib/ruby/gems/2.2.0/gems/actionpack-4.2.4/lib/action_dispatch/middleware/templates/rescues/_trace.html.erb (2.0ms)
  Rendered C:/Ruby22-x64/lib/ruby/gems/2.2.0/gems/actionpack-4.2.4/lib/action_dispatch/middleware/templates/routes/_route.html.erb (3.0ms)
  Rendered C:/Ruby22-x64/lib/ruby/gems/2.2.0/gems/actionpack-4.2.4/lib/action_dispatch/middleware/templates/routes/_table.html.erb (3.0ms)
  Rendered C:/Ruby22-x64/lib/ruby/gems/2.2.0/gems/actionpack-4.2.4/lib/action_dispatch/middleware/templates/rescues/_request_and_response.html.erb (3.0ms)
  Rendered C:/Ruby22-x64/lib/ruby/gems/2.2.0/gems/actionpack-4.2.4/lib/action_dispatch/middleware/templates/rescues/routing_error.html.erb within rescues/layout (917.7ms)
  Rendered C:/Ruby22-x64/lib/ruby/gems/2.2.0/gems/web-console-2.2.1/lib/web_console/templates/_markup.html.erb (1.0ms)
  Rendered C:/Ruby22-x64/lib/ruby/gems/2.2.0/gems/web-console-2.2.1/lib/web_console/templates/_inner_console_markup.html.erb within layouts/inlined_string (2.0ms)
  Rendered C:/Ruby22-x64/lib/ruby/gems/2.2.0/gems/web-console-2.2.1/lib/web_console/templates/_prompt_box_markup.html.erb within layouts/inlined_string (0.0ms)
  Rendered C:/Ruby22-x64/lib/ruby/gems/2.2.0/gems/web-console-2.2.1/lib/web_console/templates/style.css.erb within layouts/inlined_string (0.0ms)
  Rendered C:/Ruby22-x64/lib/ruby/gems/2.2.0/gems/web-console-2.2.1/lib/web_console/templates/console.js.erb within layouts/javascript (628.4ms)
  Rendered C:/Ruby22-x64/lib/ruby/gems/2.2.0/gems/web-console-2.2.1/lib/web_console/templates/main.js.erb within layouts/javascript (0.0ms)
  Rendered C:/Ruby22-x64/lib/ruby/gems/2.2.0/gems/web-console-2.2.1/lib/web_console/templates/error_page.js.erb within layouts/javascript (1.0ms)
  Rendered C:/Ruby22-x64/lib/ruby/gems/2.2.0/gems/web-console-2.2.1/lib/web_console/templates/index.html.erb (1447.0ms)


Started GET "/static_pages/home" for ::1 at 2015-09-02 13:31:54 +1100
Processing by StaticPagesController#home as HTML
  Rendered static_pages/home.html.erb within layouts/application (1.0ms)
Completed 200 OK in 2077ms (Views: 2076.7ms | ActiveRecord: 0.0ms)


Started GET "/static_pages/home" for ::1 at 2015-09-02 13:49:31 +1100
Processing by StaticPagesController#home as HTML
  Rendered static_pages/home.html.erb within layouts/application (15.0ms)
Completed 200 OK in 926ms (Views: 892.1ms | ActiveRecord: 0.0ms)


Started GET "/static_pages/%D1%80%D1%83%D0%B4%D0%B7" for ::1 at 2015-09-02 13:49:33 +1100

ActionController::RoutingError (No route matches [GET] "/static_pages/%D1%80%D1%83%D0%B4%D0%B7"):
  actionpack (4.2.4) lib/action_dispatch/middleware/debug_exceptions.rb:21:in `call'
  web-console (2.2.1) lib/web_console/middleware.rb:39:in `call'
  actionpack (4.2.4) lib/action_dispatch/middleware/show_exceptions.rb:30:in `call'
  railties (4.2.4) lib/rails/rack/logger.rb:38:in `call_app'
  railties (4.2.4) lib/rails/rack/logger.rb:20:in `block in call'
  activesupport (4.2.4) lib/active_support/tagged_logging.rb:68:in `block in tagged'
  activesupport (4.2.4) lib/active_support/tagged_logging.rb:26:in `tagged'
  activesupport (4.2.4) lib/active_support/tagged_logging.rb:68:in `tagged'
  railties (4.2.4) lib/rails/rack/logger.rb:20:in `call'
  actionpack (4.2.4) lib/action_dispatch/middleware/request_id.rb:21:in `call'
  rack (1.6.4) lib/rack/methodoverride.rb:22:in `call'
  rack (1.6.4) lib/rack/runtime.rb:18:in `call'
  activesupport (4.2.4) lib/active_support/cache/strategy/local_cache_middleware.rb:28:in `call'
  rack (1.6.4) lib/rack/lock.rb:17:in `call'
  actionpack (4.2.4) lib/action_dispatch/middleware/static.rb:116:in `call'
  rack (1.6.4) lib/rack/sendfile.rb:113:in `call'
  railties (4.2.4) lib/rails/engine.rb:518:in `call'
  railties (4.2.4) lib/rails/application.rb:165:in `call'
  rack (1.6.4) lib/rack/lock.rb:17:in `call'
  rack (1.6.4) lib/rack/content_length.rb:15:in `call'
  rack (1.6.4) lib/rack/handler/webrick.rb:88:in `service'
  C:/Ruby22-x64/lib/ruby/2.2.0/webrick/httpserver.rb:138:in `service'
  C:/Ruby22-x64/lib/ruby/2.2.0/webrick/httpserver.rb:94:in `run'
  C:/Ruby22-x64/lib/ruby/2.2.0/webrick/server.rb:294:in `block in start_thread'


  Rendered C:/Ruby22-x64/lib/ruby/gems/2.2.0/gems/actionpack-4.2.4/lib/action_dispatch/middleware/templates/rescues/_trace.html.erb (8.0ms)
  Rendered C:/Ruby22-x64/lib/ruby/gems/2.2.0/gems/actionpack-4.2.4/lib/action_dispatch/middleware/templates/routes/_route.html.erb (3.0ms)
  Rendered C:/Ruby22-x64/lib/ruby/gems/2.2.0/gems/actionpack-4.2.4/lib/action_dispatch/middleware/templates/routes/_table.html.erb (12.0ms)
  Rendered C:/Ruby22-x64/lib/ruby/gems/2.2.0/gems/actionpack-4.2.4/lib/action_dispatch/middleware/templates/rescues/_request_and_response.html.erb (8.0ms)
  Rendered C:/Ruby22-x64/lib/ruby/gems/2.2.0/gems/actionpack-4.2.4/lib/action_dispatch/middleware/templates/rescues/routing_error.html.erb within rescues/layout (1136.8ms)
  Rendered C:/Ruby22-x64/lib/ruby/gems/2.2.0/gems/web-console-2.2.1/lib/web_console/templates/_markup.html.erb (4.0ms)
  Rendered C:/Ruby22-x64/lib/ruby/gems/2.2.0/gems/web-console-2.2.1/lib/web_console/templates/_inner_console_markup.html.erb within layouts/inlined_string (4.0ms)
  Rendered C:/Ruby22-x64/lib/ruby/gems/2.2.0/gems/web-console-2.2.1/lib/web_console/templates/_prompt_box_markup.html.erb within layouts/inlined_string (0.0ms)
  Rendered C:/Ruby22-x64/lib/ruby/gems/2.2.0/gems/web-console-2.2.1/lib/web_console/templates/style.css.erb within layouts/inlined_string (1.0ms)
  Rendered C:/Ruby22-x64/lib/ruby/gems/2.2.0/gems/web-console-2.2.1/lib/web_console/templates/console.js.erb within layouts/javascript (683.5ms)
  Rendered C:/Ruby22-x64/lib/ruby/gems/2.2.0/gems/web-console-2.2.1/lib/web_console/templates/main.js.erb within layouts/javascript (2.0ms)
  Rendered C:/Ruby22-x64/lib/ruby/gems/2.2.0/gems/web-console-2.2.1/lib/web_console/templates/error_page.js.erb within layouts/javascript (2.0ms)
  Rendered C:/Ruby22-x64/lib/ruby/gems/2.2.0/gems/web-console-2.2.1/lib/web_console/templates/index.html.erb (1579.1ms)


Started GET "/static_pages/help" for ::1 at 2015-09-02 13:49:38 +1100
Processing by StaticPagesController#help as HTML
  Rendered static_pages/help.html.erb within layouts/application (0.9ms)
Completed 200 OK in 284ms (Views: 282.6ms | ActiveRecord: 0.0ms)


Started GET "/static_pages/about" for ::1 at 2015-09-02 15:25:59 +1100
Processing by StaticPagesController#about as HTML
  Rendered static_pages/about.html.erb within layouts/application (52.0ms)
Completed 200 OK in 1122ms (Views: 1075.9ms | ActiveRecord: 0.0ms)


Started GET "/static_pages/about" for ::1 at 2015-09-02 15:39:04 +1100
Processing by StaticPagesController#about as HTML
  Rendered static_pages/about.html.erb (0.0ms)
Completed 200 OK in 66ms (Views: 64.7ms | ActiveRecord: 0.0ms)


Started GET "/static_pages/about" for ::1 at 2015-09-02 15:39:07 +1100
Processing by StaticPagesController#about as HTML
  Rendered static_pages/about.html.erb (0.0ms)
Completed 200 OK in 60ms (Views: 59.0ms | ActiveRecord: 0.0ms)


Started GET "/static_pages/home" for ::1 at 2015-09-02 15:39:09 +1100
Processing by StaticPagesController#home as HTML
  Rendered static_pages/home.html.erb (2.0ms)
Completed 200 OK in 73ms (Views: 72.5ms | ActiveRecord: 0.0ms)


Started GET "/static_pages/home" for ::1 at 2015-09-02 16:57:01 +1100
Processing by StaticPagesController#home as HTML
  Rendered static_pages/home.html.erb within layouts/application (50.0ms)
Completed 200 OK in 810ms (Views: 706.8ms | ActiveRecord: 0.0ms)


Started GET "/static_pages/about" for ::1 at 2015-09-02 16:57:10 +1100
Processing by StaticPagesController#about as HTML
  Rendered static_pages/about.html.erb within layouts/application (11.0ms)
Completed 200 OK in 516ms (Views: 512.2ms | ActiveRecord: 0.0ms)


Started GET "/" for ::1 at 2015-09-02 18:48:34 +1100
Processing by StaticPagesController#home as HTML
  Rendered static_pages/home.html.erb within layouts/application (20.0ms)
Completed 200 OK in 2140ms (Views: 2021.8ms | ActiveRecord: 0.0ms)


Started GET "/static_pages/contact" for ::1 at 2015-09-02 19:56:38 +1100
Processing by StaticPagesController#contact as HTML
  Rendered static_pages/contact.html.erb within layouts/application (20.0ms)
Completed 200 OK in 596ms (Views: 595.3ms | ActiveRecord: 0.0ms)


Started GET "/" for ::1 at 2015-09-03 12:19:48 +1100
Processing by StaticPagesController#home as HTML
  Rendered static_pages/home.html.erb within layouts/application (7.0ms)
Completed 200 OK in 393ms (Views: 376.9ms | ActiveRecord: 0.0ms)


Started GET "/assets/application.self-e80e8f2318043e8af94dddc2adad5a4f09739a8ebb323b3ab31cd71d45fd9113.css?body=1" for ::1 at 2015-09-03 12:19:49 +1100


Started GET "/assets/jquery.self-a714331225dda820228db323939889f149aec0127aeb06255646b616ba1ca419.js?body=1" for ::1 at 2015-09-03 12:19:49 +1100


Started GET "/assets/static_pages.self-e3b0c44298fc1c149afbf4c8996fb92427ae41e4649b934ca495991b7852b855.css?body=1" for ::1 at 2015-09-03 12:19:49 +1100


Started GET "/assets/jquery_ujs.self-d456baa54c1fa6be2ec3711f0a72ddf7a5b2f34a6b4f515f33767d6207b7d4b3.js?body=1" for ::1 at 2015-09-03 12:19:49 +1100


Started GET "/assets/turbolinks.self-c37727e9bd6b2735da5c311aa83fead54ed0be6cc8bd9a65309e9c5abe2cbfff.js?body=1" for ::1 at 2015-09-03 12:19:49 +1100


Started GET "/assets/static_pages.self-877aef30ae1b040ab8a3aba4e3e309a11d7f2612f44dde450b5c157aa5f95c05.js?body=1" for ::1 at 2015-09-03 12:19:49 +1100


Started GET "/assets/application.self-3b8dabdc891efe46b9a144b400ad69e37d7e5876bdc39dee783419a69d7ca819.js?body=1" for ::1 at 2015-09-03 12:19:49 +1100


Started GET "/" for ::1 at 2015-09-03 14:34:33 +1100
Processing by StaticPagesController#home as HTML
  Rendered static_pages/home.html.erb within layouts/application (6.0ms)
Completed 200 OK in 480ms (Views: 459.2ms | ActiveRecord: 0.0ms)


Started GET "/assets/static_pages.self-e3b0c44298fc1c149afbf4c8996fb92427ae41e4649b934ca495991b7852b855.css?body=1" for ::1 at 2015-09-03 14:34:34 +1100


Started GET "/assets/application.self-e80e8f2318043e8af94dddc2adad5a4f09739a8ebb323b3ab31cd71d45fd9113.css?body=1" for ::1 at 2015-09-03 14:34:34 +1100


Started GET "/assets/jquery.self-a714331225dda820228db323939889f149aec0127aeb06255646b616ba1ca419.js?body=1" for ::1 at 2015-09-03 14:34:34 +1100


Started GET "/assets/jquery_ujs.self-d456baa54c1fa6be2ec3711f0a72ddf7a5b2f34a6b4f515f33767d6207b7d4b3.js?body=1" for ::1 at 2015-09-03 14:34:34 +1100


Started GET "/assets/turbolinks.self-c37727e9bd6b2735da5c311aa83fead54ed0be6cc8bd9a65309e9c5abe2cbfff.js?body=1" for ::1 at 2015-09-03 14:34:34 +1100


Started GET "/assets/static_pages.self-877aef30ae1b040ab8a3aba4e3e309a11d7f2612f44dde450b5c157aa5f95c05.js?body=1" for ::1 at 2015-09-03 14:34:34 +1100


Started GET "/assets/application.self-3b8dabdc891efe46b9a144b400ad69e37d7e5876bdc39dee783419a69d7ca819.js?body=1" for ::1 at 2015-09-03 14:34:34 +1100


Started GET "/" for 127.0.0.1 at 2015-09-03 14:41:08 +1100
Processing by StaticPagesController#home as HTML
  Rendered static_pages/home.html.erb within layouts/application (255.4ms)
Completed 200 OK in 491ms (Views: 455.6ms | ActiveRecord: 0.0ms)


Started GET "/images/rails.png" for 127.0.0.1 at 2015-09-03 14:41:09 +1100

ActionController::RoutingError (No route matches [GET] "/images/rails.png"):
  actionpack (4.2.4) lib/action_dispatch/middleware/debug_exceptions.rb:21:in `call'
  web-console (2.2.1) lib/web_console/middleware.rb:39:in `call'
  actionpack (4.2.4) lib/action_dispatch/middleware/show_exceptions.rb:30:in `call'
  railties (4.2.4) lib/rails/rack/logger.rb:38:in `call_app'
  railties (4.2.4) lib/rails/rack/logger.rb:20:in `block in call'
  activesupport (4.2.4) lib/active_support/tagged_logging.rb:68:in `block in tagged'
  activesupport (4.2.4) lib/active_support/tagged_logging.rb:26:in `tagged'
  activesupport (4.2.4) lib/active_support/tagged_logging.rb:68:in `tagged'
  railties (4.2.4) lib/rails/rack/logger.rb:20:in `call'
  actionpack (4.2.4) lib/action_dispatch/middleware/request_id.rb:21:in `call'
  rack (1.6.4) lib/rack/methodoverride.rb:22:in `call'
  rack (1.6.4) lib/rack/runtime.rb:18:in `call'
  activesupport (4.2.4) lib/active_support/cache/strategy/local_cache_middleware.rb:28:in `call'
  rack (1.6.4) lib/rack/lock.rb:17:in `call'
  actionpack (4.2.4) lib/action_dispatch/middleware/static.rb:116:in `call'
  rack (1.6.4) lib/rack/sendfile.rb:113:in `call'
  railties (4.2.4) lib/rails/engine.rb:518:in `call'
  railties (4.2.4) lib/rails/application.rb:165:in `call'
  rack (1.6.4) lib/rack/lock.rb:17:in `call'
  rack (1.6.4) lib/rack/content_length.rb:15:in `call'
  rack (1.6.4) lib/rack/handler/webrick.rb:88:in `service'
  C:/Ruby22-x64/lib/ruby/2.2.0/webrick/httpserver.rb:138:in `service'
  C:/Ruby22-x64/lib/ruby/2.2.0/webrick/httpserver.rb:94:in `run'
  C:/Ruby22-x64/lib/ruby/2.2.0/webrick/server.rb:294:in `block in start_thread'


  Rendered C:/Ruby22-x64/lib/ruby/gems/2.2.0/gems/actionpack-4.2.4/lib/action_dispatch/middleware/templates/rescues/_trace.html.erb (3.0ms)
  Rendered C:/Ruby22-x64/lib/ruby/gems/2.2.0/gems/actionpack-4.2.4/lib/action_dispatch/middleware/templates/routes/_route.html.erb (1.0ms)
  Rendered C:/Ruby22-x64/lib/ruby/gems/2.2.0/gems/actionpack-4.2.4/lib/action_dispatch/middleware/templates/routes/_table.html.erb (15.2ms)
  Rendered C:/Ruby22-x64/lib/ruby/gems/2.2.0/gems/actionpack-4.2.4/lib/action_dispatch/middleware/templates/rescues/_request_and_response.html.erb (2.0ms)
  Rendered C:/Ruby22-x64/lib/ruby/gems/2.2.0/gems/actionpack-4.2.4/lib/action_dispatch/middleware/templates/rescues/routing_error.html.erb within rescues/layout (830.5ms)
  Rendered C:/Ruby22-x64/lib/ruby/gems/2.2.0/gems/web-console-2.2.1/lib/web_console/templates/_markup.html.erb (0.0ms)
  Rendered C:/Ruby22-x64/lib/ruby/gems/2.2.0/gems/web-console-2.2.1/lib/web_console/templates/_inner_console_markup.html.erb within layouts/inlined_string (0.0ms)
  Rendered C:/Ruby22-x64/lib/ruby/gems/2.2.0/gems/web-console-2.2.1/lib/web_console/templates/_prompt_box_markup.html.erb within layouts/inlined_string (0.0ms)
  Rendered C:/Ruby22-x64/lib/ruby/gems/2.2.0/gems/web-console-2.2.1/lib/web_console/templates/style.css.erb within layouts/inlined_string (1.0ms)
  Rendered C:/Ruby22-x64/lib/ruby/gems/2.2.0/gems/web-console-2.2.1/lib/web_console/templates/console.js.erb within layouts/javascript (497.2ms)
  Rendered C:/Ruby22-x64/lib/ruby/gems/2.2.0/gems/web-console-2.2.1/lib/web_console/templates/main.js.erb within layouts/javascript (0.0ms)
  Rendered C:/Ruby22-x64/lib/ruby/gems/2.2.0/gems/web-console-2.2.1/lib/web_console/templates/error_page.js.erb within layouts/javascript (1.0ms)
  Rendered C:/Ruby22-x64/lib/ruby/gems/2.2.0/gems/web-console-2.2.1/lib/web_console/templates/index.html.erb (1130.9ms)


Started GET "/" for 127.0.0.1 at 2015-09-03 14:42:38 +1100
Processing by StaticPagesController#home as HTML
  Rendered static_pages/home.html.erb within layouts/application (9.0ms)
Completed 200 OK in 513ms (Views: 511.6ms | ActiveRecord: 0.0ms)


Started GET "/images/rails.png" for 127.0.0.1 at 2015-09-03 14:42:39 +1100

ActionController::RoutingError (No route matches [GET] "/images/rails.png"):
  actionpack (4.2.4) lib/action_dispatch/middleware/debug_exceptions.rb:21:in `call'
  web-console (2.2.1) lib/web_console/middleware.rb:39:in `call'
  actionpack (4.2.4) lib/action_dispatch/middleware/show_exceptions.rb:30:in `call'
  railties (4.2.4) lib/rails/rack/logger.rb:38:in `call_app'
  railties (4.2.4) lib/rails/rack/logger.rb:20:in `block in call'
  activesupport (4.2.4) lib/active_support/tagged_logging.rb:68:in `block in tagged'
  activesupport (4.2.4) lib/active_support/tagged_logging.rb:26:in `tagged'
  activesupport (4.2.4) lib/active_support/tagged_logging.rb:68:in `tagged'
  railties (4.2.4) lib/rails/rack/logger.rb:20:in `call'
  actionpack (4.2.4) lib/action_dispatch/middleware/request_id.rb:21:in `call'
  rack (1.6.4) lib/rack/methodoverride.rb:22:in `call'
  rack (1.6.4) lib/rack/runtime.rb:18:in `call'
  activesupport (4.2.4) lib/active_support/cache/strategy/local_cache_middleware.rb:28:in `call'
  rack (1.6.4) lib/rack/lock.rb:17:in `call'
  actionpack (4.2.4) lib/action_dispatch/middleware/static.rb:116:in `call'
  rack (1.6.4) lib/rack/sendfile.rb:113:in `call'
  railties (4.2.4) lib/rails/engine.rb:518:in `call'
  railties (4.2.4) lib/rails/application.rb:165:in `call'
  rack (1.6.4) lib/rack/lock.rb:17:in `call'
  rack (1.6.4) lib/rack/content_length.rb:15:in `call'
  rack (1.6.4) lib/rack/handler/webrick.rb:88:in `service'
  C:/Ruby22-x64/lib/ruby/2.2.0/webrick/httpserver.rb:138:in `service'
  C:/Ruby22-x64/lib/ruby/2.2.0/webrick/httpserver.rb:94:in `run'
  C:/Ruby22-x64/lib/ruby/2.2.0/webrick/server.rb:294:in `block in start_thread'


  Rendered C:/Ruby22-x64/lib/ruby/gems/2.2.0/gems/actionpack-4.2.4/lib/action_dispatch/middleware/templates/rescues/_trace.html.erb (2.0ms)
  Rendered C:/Ruby22-x64/lib/ruby/gems/2.2.0/gems/actionpack-4.2.4/lib/action_dispatch/middleware/templates/routes/_route.html.erb (1.0ms)
  Rendered C:/Ruby22-x64/lib/ruby/gems/2.2.0/gems/actionpack-4.2.4/lib/action_dispatch/middleware/templates/routes/_table.html.erb (2.0ms)
  Rendered C:/Ruby22-x64/lib/ruby/gems/2.2.0/gems/actionpack-4.2.4/lib/action_dispatch/middleware/templates/rescues/_request_and_response.html.erb (1.0ms)
  Rendered C:/Ruby22-x64/lib/ruby/gems/2.2.0/gems/actionpack-4.2.4/lib/action_dispatch/middleware/templates/rescues/routing_error.html.erb within rescues/layout (772.7ms)
  Rendered C:/Ruby22-x64/lib/ruby/gems/2.2.0/gems/web-console-2.2.1/lib/web_console/templates/_markup.html.erb (0.0ms)
  Rendered C:/Ruby22-x64/lib/ruby/gems/2.2.0/gems/web-console-2.2.1/lib/web_console/templates/_inner_console_markup.html.erb within layouts/inlined_string (0.0ms)
  Rendered C:/Ruby22-x64/lib/ruby/gems/2.2.0/gems/web-console-2.2.1/lib/web_console/templates/_prompt_box_markup.html.erb within layouts/inlined_string (1.0ms)
  Rendered C:/Ruby22-x64/lib/ruby/gems/2.2.0/gems/web-console-2.2.1/lib/web_console/templates/style.css.erb within layouts/inlined_string (1.0ms)
  Rendered C:/Ruby22-x64/lib/ruby/gems/2.2.0/gems/web-console-2.2.1/lib/web_console/templates/console.js.erb within layouts/javascript (497.5ms)
  Rendered C:/Ruby22-x64/lib/ruby/gems/2.2.0/gems/web-console-2.2.1/lib/web_console/templates/main.js.erb within layouts/javascript (1.0ms)
  Rendered C:/Ruby22-x64/lib/ruby/gems/2.2.0/gems/web-console-2.2.1/lib/web_console/templates/error_page.js.erb within layouts/javascript (1.0ms)
  Rendered C:/Ruby22-x64/lib/ruby/gems/2.2.0/gems/web-console-2.2.1/lib/web_console/templates/index.html.erb (1115.9ms)


Started GET "/" for 127.0.0.1 at 2015-09-03 14:43:02 +1100
Processing by StaticPagesController#home as HTML
  Rendered static_pages/home.html.erb within layouts/application (8.0ms)
Completed 200 OK in 168ms (Views: 167.1ms | ActiveRecord: 0.0ms)


Started GET "/images/rails.jpg" for 127.0.0.1 at 2015-09-03 14:43:02 +1100

ActionController::RoutingError (No route matches [GET] "/images/rails.jpg"):
  actionpack (4.2.4) lib/action_dispatch/middleware/debug_exceptions.rb:21:in `call'
  web-console (2.2.1) lib/web_console/middleware.rb:39:in `call'
  actionpack (4.2.4) lib/action_dispatch/middleware/show_exceptions.rb:30:in `call'
  railties (4.2.4) lib/rails/rack/logger.rb:38:in `call_app'
  railties (4.2.4) lib/rails/rack/logger.rb:20:in `block in call'
  activesupport (4.2.4) lib/active_support/tagged_logging.rb:68:in `block in tagged'
  activesupport (4.2.4) lib/active_support/tagged_logging.rb:26:in `tagged'
  activesupport (4.2.4) lib/active_support/tagged_logging.rb:68:in `tagged'
  railties (4.2.4) lib/rails/rack/logger.rb:20:in `call'
  actionpack (4.2.4) lib/action_dispatch/middleware/request_id.rb:21:in `call'
  rack (1.6.4) lib/rack/methodoverride.rb:22:in `call'
  rack (1.6.4) lib/rack/runtime.rb:18:in `call'
  activesupport (4.2.4) lib/active_support/cache/strategy/local_cache_middleware.rb:28:in `call'
  rack (1.6.4) lib/rack/lock.rb:17:in `call'
  actionpack (4.2.4) lib/action_dispatch/middleware/static.rb:116:in `call'
  rack (1.6.4) lib/rack/sendfile.rb:113:in `call'
  railties (4.2.4) lib/rails/engine.rb:518:in `call'
  railties (4.2.4) lib/rails/application.rb:165:in `call'
  rack (1.6.4) lib/rack/lock.rb:17:in `call'
  rack (1.6.4) lib/rack/content_length.rb:15:in `call'
  rack (1.6.4) lib/rack/handler/webrick.rb:88:in `service'
  C:/Ruby22-x64/lib/ruby/2.2.0/webrick/httpserver.rb:138:in `service'
  C:/Ruby22-x64/lib/ruby/2.2.0/webrick/httpserver.rb:94:in `run'
  C:/Ruby22-x64/lib/ruby/2.2.0/webrick/server.rb:294:in `block in start_thread'


  Rendered C:/Ruby22-x64/lib/ruby/gems/2.2.0/gems/actionpack-4.2.4/lib/action_dispatch/middleware/templates/rescues/_trace.html.erb (2.0ms)
  Rendered C:/Ruby22-x64/lib/ruby/gems/2.2.0/gems/actionpack-4.2.4/lib/action_dispatch/middleware/templates/routes/_route.html.erb (1.0ms)
  Rendered C:/Ruby22-x64/lib/ruby/gems/2.2.0/gems/actionpack-4.2.4/lib/action_dispatch/middleware/templates/routes/_table.html.erb (1.0ms)
  Rendered C:/Ruby22-x64/lib/ruby/gems/2.2.0/gems/actionpack-4.2.4/lib/action_dispatch/middleware/templates/rescues/_request_and_response.html.erb (1.0ms)
  Rendered C:/Ruby22-x64/lib/ruby/gems/2.2.0/gems/actionpack-4.2.4/lib/action_dispatch/middleware/templates/rescues/routing_error.html.erb within rescues/layout (786.0ms)
  Rendered C:/Ruby22-x64/lib/ruby/gems/2.2.0/gems/web-console-2.2.1/lib/web_console/templates/_markup.html.erb (1.0ms)
  Rendered C:/Ruby22-x64/lib/ruby/gems/2.2.0/gems/web-console-2.2.1/lib/web_console/templates/_inner_console_markup.html.erb within layouts/inlined_string (1.1ms)
  Rendered C:/Ruby22-x64/lib/ruby/gems/2.2.0/gems/web-console-2.2.1/lib/web_console/templates/_prompt_box_markup.html.erb within layouts/inlined_string (1.0ms)
  Rendered C:/Ruby22-x64/lib/ruby/gems/2.2.0/gems/web-console-2.2.1/lib/web_console/templates/style.css.erb within layouts/inlined_string (0.0ms)
  Rendered C:/Ruby22-x64/lib/ruby/gems/2.2.0/gems/web-console-2.2.1/lib/web_console/templates/console.js.erb within layouts/javascript (466.8ms)
  Rendered C:/Ruby22-x64/lib/ruby/gems/2.2.0/gems/web-console-2.2.1/lib/web_console/templates/main.js.erb within layouts/javascript (0.0ms)
  Rendered C:/Ruby22-x64/lib/ruby/gems/2.2.0/gems/web-console-2.2.1/lib/web_console/templates/error_page.js.erb within layouts/javascript (0.0ms)
  Rendered C:/Ruby22-x64/lib/ruby/gems/2.2.0/gems/web-console-2.2.1/lib/web_console/templates/index.html.erb (1079.7ms)


Started GET "/" for 127.0.0.1 at 2015-09-03 14:43:29 +1100
Processing by StaticPagesController#home as HTML
  Rendered static_pages/home.html.erb within layouts/application (30.0ms)
Completed 200 OK in 320ms (Views: 320.0ms | ActiveRecord: 0.0ms)


Started GET "/assets/rails-8fa9722afdcceba8d6e34070f9a5f988a6f863c4b1223dbe6fc0082802964d98.jpg" for 127.0.0.1 at 2015-09-03 14:43:29 +1100


Started GET "/" for 127.0.0.1 at 2015-09-03 14:50:38 +1100
Processing by StaticPagesController#home as HTML
  Rendered static_pages/home.html.erb within layouts/application (67.0ms)
Completed 200 OK in 601ms (Views: 599.2ms | ActiveRecord: 0.0ms)


Started GET "/assets/rails-9720ce92c294af48a05710a180f38de1395b304065cf355bf95037ad8f449e87.png" for 127.0.0.1 at 2015-09-03 14:50:39 +1100


Started GET "/" for 127.0.0.1 at 2015-09-03 15:22:13 +1100
Processing by StaticPagesController#home as HTML
  Rendered static_pages/home.html.erb within layouts/application (424.0ms)
Completed 200 OK in 9267ms (Views: 9223.5ms | ActiveRecord: 0.0ms)


Started GET "/assets/custom.self-cac544dd5f2df578f5c9db3ce98a8fc8914d1b363d8110fc89f506a24a179aae.css?body=1" for 127.0.0.1 at 2015-09-03 15:22:24 +1100


Started GET "/" for 127.0.0.1 at 2015-09-03 15:29:22 +1100
Processing by StaticPagesController#home as HTML
  Rendered static_pages/home.html.erb within layouts/application (9.0ms)
Completed 500 Internal Server Error in 290ms (ActiveRecord: 0.0ms)

ActionView::Template::Error (Invalid CSS after "body ": expected selector or at-rule, was "{"):
    2: <html>
    3:   <head>
    4:     <title><%= full_title(yield(:title)) %></title>
    5:     <%= stylesheet_link_tag 'application', media: 'all',
    6:                                            'data-turbolinks-track' => true %>
    7:     <%= javascript_include_tag 'application', 'data-turbolinks-track' => true %>
    8:     <%= csrf_meta_tags %>
  app/assets/stylesheets/custom.css.scss:6
  app/views/layouts/application.html.erb:5:in `_app_views_layouts_application_html_erb__1826500593_65537420'


  Rendered C:/Ruby22-x64/lib/ruby/gems/2.2.0/gems/actionpack-4.2.4/lib/action_dispatch/middleware/templates/rescues/_source.erb (2.0ms)
  Rendered C:/Ruby22-x64/lib/ruby/gems/2.2.0/gems/actionpack-4.2.4/lib/action_dispatch/middleware/templates/rescues/_trace.html.erb (10.0ms)
  Rendered C:/Ruby22-x64/lib/ruby/gems/2.2.0/gems/actionpack-4.2.4/lib/action_dispatch/middleware/templates/rescues/_request_and_response.html.erb (3.0ms)
  Rendered C:/Ruby22-x64/lib/ruby/gems/2.2.0/gems/actionpack-4.2.4/lib/action_dispatch/middleware/templates/rescues/template_error.html.erb within rescues/layout (911.2ms)
  Rendered C:/Ruby22-x64/lib/ruby/gems/2.2.0/gems/web-console-2.2.1/lib/web_console/templates/_markup.html.erb (1.0ms)
  Rendered C:/Ruby22-x64/lib/ruby/gems/2.2.0/gems/web-console-2.2.1/lib/web_console/templates/_inner_console_markup.html.erb within layouts/inlined_string (1.1ms)
  Rendered C:/Ruby22-x64/lib/ruby/gems/2.2.0/gems/web-console-2.2.1/lib/web_console/templates/_prompt_box_markup.html.erb within layouts/inlined_string (1.0ms)
  Rendered C:/Ruby22-x64/lib/ruby/gems/2.2.0/gems/web-console-2.2.1/lib/web_console/templates/style.css.erb within layouts/inlined_string (0.0ms)
  Rendered C:/Ruby22-x64/lib/ruby/gems/2.2.0/gems/web-console-2.2.1/lib/web_console/templates/console.js.erb within layouts/javascript (585.3ms)
  Rendered C:/Ruby22-x64/lib/ruby/gems/2.2.0/gems/web-console-2.2.1/lib/web_console/templates/main.js.erb within layouts/javascript (2.1ms)
  Rendered C:/Ruby22-x64/lib/ruby/gems/2.2.0/gems/web-console-2.2.1/lib/web_console/templates/error_page.js.erb within layouts/javascript (0.0ms)
  Rendered C:/Ruby22-x64/lib/ruby/gems/2.2.0/gems/web-console-2.2.1/lib/web_console/templates/index.html.erb (1373.8ms)


Started GET "/" for 127.0.0.1 at 2015-09-03 15:29:38 +1100
Processing by StaticPagesController#home as HTML
  Rendered static_pages/home.html.erb within layouts/application (15.1ms)
Completed 200 OK in 5244ms (Views: 5242.3ms | ActiveRecord: 0.0ms)


Started GET "/assets/custom.self-ee6dfe27f41e9f2856778b5552f8ac8ea8df06f2bdc8eeeef959772b72728a7a.css?body=1" for 127.0.0.1 at 2015-09-03 15:29:44 +1100


Started GET "/" for 127.0.0.1 at 2015-09-03 15:30:42 +1100
Processing by StaticPagesController#home as HTML
  Rendered static_pages/home.html.erb within layouts/application (9.0ms)
Completed 200 OK in 5142ms (Views: 5141.6ms | ActiveRecord: 0.0ms)


Started GET "/assets/application.self-e80e8f2318043e8af94dddc2adad5a4f09739a8ebb323b3ab31cd71d45fd9113.css?body=1" for 127.0.0.1 at 2015-09-03 15:30:47 +1100


Started GET "/assets/custom.self-22a715f5989d470a8115d89f2141d929e09efb84a5ecc92d94a8632402aafff6.css?body=1" for 127.0.0.1 at 2015-09-03 15:30:47 +1100


Started GET "/assets/static_pages.self-e3b0c44298fc1c149afbf4c8996fb92427ae41e4649b934ca495991b7852b855.css?body=1" for 127.0.0.1 at 2015-09-03 15:30:47 +1100


Started GET "/assets/jquery.self-a714331225dda820228db323939889f149aec0127aeb06255646b616ba1ca419.js?body=1" for 127.0.0.1 at 2015-09-03 15:30:47 +1100


Started GET "/assets/jquery_ujs.self-d456baa54c1fa6be2ec3711f0a72ddf7a5b2f34a6b4f515f33767d6207b7d4b3.js?body=1" for 127.0.0.1 at 2015-09-03 15:30:47 +1100


Started GET "/assets/turbolinks.self-c37727e9bd6b2735da5c311aa83fead54ed0be6cc8bd9a65309e9c5abe2cbfff.js?body=1" for 127.0.0.1 at 2015-09-03 15:30:48 +1100


Started GET "/assets/static_pages.self-877aef30ae1b040ab8a3aba4e3e309a11d7f2612f44dde450b5c157aa5f95c05.js?body=1" for 127.0.0.1 at 2015-09-03 15:30:48 +1100


Started GET "/assets/application.self-3b8dabdc891efe46b9a144b400ad69e37d7e5876bdc39dee783419a69d7ca819.js?body=1" for 127.0.0.1 at 2015-09-03 15:30:48 +1100


Started GET "/assets/rails-9720ce92c294af48a05710a180f38de1395b304065cf355bf95037ad8f449e87.png" for 127.0.0.1 at 2015-09-03 15:30:48 +1100


Started GET "/" for 127.0.0.1 at 2015-09-03 15:47:09 +1100
Processing by StaticPagesController#home as HTML
  Rendered static_pages/home.html.erb within layouts/application (11.2ms)
  Rendered layouts/_shim.html.erb (1.0ms)
  Rendered layouts/_header.html.erb (1.0ms)
Completed 200 OK in 411ms (Views: 409.8ms | ActiveRecord: 0.0ms)


Started GET "/" for 127.0.0.1 at 2015-09-03 15:49:52 +1100
Processing by StaticPagesController#home as HTML
  Rendered static_pages/home.html.erb within layouts/application (9.0ms)
  Rendered layouts/_shim.html.erb (0.0ms)
  Rendered layouts/_header.html.erb (1.0ms)
  Rendered layouts/_footer.html.erb (2.0ms)
Completed 200 OK in 524ms (Views: 522.2ms | ActiveRecord: 0.0ms)


Started GET "/" for 127.0.0.1 at 2015-09-03 15:53:20 +1100
Processing by StaticPagesController#home as HTML
  Rendered static_pages/home.html.erb within layouts/application (12.0ms)
  Rendered layouts/_shim.html.erb (0.0ms)
  Rendered layouts/_header.html.erb (0.0ms)
  Rendered layouts/_footer.html.erb (0.0ms)
Completed 200 OK in 4746ms (Views: 4743.4ms | ActiveRecord: 0.0ms)


Started GET "/assets/custom.self-3c8f9a27e7f0207584a91a72d57691bf2568865462bd664e81b5849e2ac5f2f8.css?body=1" for 127.0.0.1 at 2015-09-03 15:53:25 +1100


Started GET "/" for 127.0.0.1 at 2015-09-03 15:54:37 +1100
Processing by StaticPagesController#home as HTML
  Rendered static_pages/home.html.erb within layouts/application (6.0ms)
  Rendered layouts/_shim.html.erb (0.0ms)
  Rendered layouts/_header.html.erb (0.0ms)
  Rendered layouts/_footer.html.erb (0.0ms)
Completed 200 OK in 342ms (Views: 340.9ms | ActiveRecord: 0.0ms)


Started GET "/" for ::1 at 2015-09-03 16:16:30 +1100
Processing by StaticPagesController#home as HTML
  Rendered static_pages/home.html.erb within layouts/application (150.1ms)
  Rendered layouts/_shim.html.erb (1.0ms)
  Rendered layouts/_header.html.erb (1.0ms)
  Rendered layouts/_footer.html.erb (1.0ms)
Completed 200 OK in 695ms (Views: 678.1ms | ActiveRecord: 0.0ms)


Started GET "/assets/custom.self-3c8f9a27e7f0207584a91a72d57691bf2568865462bd664e81b5849e2ac5f2f8.css?body=1" for ::1 at 2015-09-03 16:16:32 +1100


Started GET "/assets/static_pages.self-e3b0c44298fc1c149afbf4c8996fb92427ae41e4649b934ca495991b7852b855.css?body=1" for ::1 at 2015-09-03 16:16:32 +1100


Started GET "/assets/jquery.self-a714331225dda820228db323939889f149aec0127aeb06255646b616ba1ca419.js?body=1" for ::1 at 2015-09-03 16:16:32 +1100


Started GET "/assets/jquery_ujs.self-d456baa54c1fa6be2ec3711f0a72ddf7a5b2f34a6b4f515f33767d6207b7d4b3.js?body=1" for ::1 at 2015-09-03 16:16:32 +1100


Started GET "/assets/turbolinks.self-c37727e9bd6b2735da5c311aa83fead54ed0be6cc8bd9a65309e9c5abe2cbfff.js?body=1" for ::1 at 2015-09-03 16:16:32 +1100


Started GET "/assets/application.self-e80e8f2318043e8af94dddc2adad5a4f09739a8ebb323b3ab31cd71d45fd9113.css?body=1" for ::1 at 2015-09-03 16:16:32 +1100


Started GET "/assets/static_pages.self-877aef30ae1b040ab8a3aba4e3e309a11d7f2612f44dde450b5c157aa5f95c05.js?body=1" for ::1 at 2015-09-03 16:16:32 +1100


Started GET "/assets/application.self-7adddee4a24ec78c5ce1aa1ad0cce405cf7b109727acea588a51a977e62de9b8.js?body=1" for ::1 at 2015-09-03 16:16:32 +1100


Started GET "/assets/rails-9720ce92c294af48a05710a180f38de1395b304065cf355bf95037ad8f449e87.png" for ::1 at 2015-09-03 16:16:32 +1100


Started GET "/" for ::1 at 2015-09-03 16:16:36 +1100
Processing by StaticPagesController#home as HTML
  Rendered static_pages/home.html.erb within layouts/application (5.0ms)
  Rendered layouts/_shim.html.erb (0.0ms)
  Rendered layouts/_header.html.erb (0.0ms)
  Rendered layouts/_footer.html.erb (0.0ms)
Completed 200 OK in 407ms (Views: 406.1ms | ActiveRecord: 0.0ms)


Started GET "/" for ::1 at 2015-09-03 16:27:06 +1100
Processing by StaticPagesController#home as HTML
  Rendered static_pages/home.html.erb within layouts/application (150.1ms)
  Rendered layouts/_shim.html.erb (0.0ms)
  Rendered layouts/_header.html.erb (2.0ms)
  Rendered layouts/_footer.html.erb (1.0ms)
Completed 200 OK in 5388ms (Views: 5374.4ms | ActiveRecord: 0.0ms)


Started GET "/assets/custom.self-c53fedb04d0d17a1f89a76fc2729a22c357072de92ccd08c1c48a5a9cba5b86e.css?body=1" for ::1 at 2015-09-03 16:27:12 +1100


Started GET "/" for ::1 at 2015-09-03 16:29:03 +1100
Processing by StaticPagesController#home as HTML
  Rendered static_pages/home.html.erb within layouts/application (6.0ms)
  Rendered layouts/_shim.html.erb (0.0ms)
  Rendered layouts/_header.html.erb (0.0ms)
  Rendered layouts/_footer.html.erb (0.0ms)
Completed 200 OK in 277ms (Views: 275.1ms | ActiveRecord: 0.0ms)


Started GET "/assets/custom.self-c53fedb04d0d17a1f89a76fc2729a22c357072de92ccd08c1c48a5a9cba5b86e.css?body=1" for ::1 at 2015-09-03 16:29:04 +1100


Started GET "/assets/application.self-e80e8f2318043e8af94dddc2adad5a4f09739a8ebb323b3ab31cd71d45fd9113.css?body=1" for ::1 at 2015-09-03 16:29:04 +1100


Started GET "/assets/jquery_ujs.self-d456baa54c1fa6be2ec3711f0a72ddf7a5b2f34a6b4f515f33767d6207b7d4b3.js?body=1" for ::1 at 2015-09-03 16:29:04 +1100


Started GET "/assets/jquery.self-a714331225dda820228db323939889f149aec0127aeb06255646b616ba1ca419.js?body=1" for ::1 at 2015-09-03 16:29:04 +1100


Started GET "/assets/static_pages.self-e3b0c44298fc1c149afbf4c8996fb92427ae41e4649b934ca495991b7852b855.css?body=1" for ::1 at 2015-09-03 16:29:04 +1100


Started GET "/assets/turbolinks.self-c37727e9bd6b2735da5c311aa83fead54ed0be6cc8bd9a65309e9c5abe2cbfff.js?body=1" for ::1 at 2015-09-03 16:29:04 +1100


Started GET "/assets/static_pages.self-877aef30ae1b040ab8a3aba4e3e309a11d7f2612f44dde450b5c157aa5f95c05.js?body=1" for ::1 at 2015-09-03 16:29:04 +1100


Started GET "/assets/application.self-3b8dabdc891efe46b9a144b400ad69e37d7e5876bdc39dee783419a69d7ca819.js?body=1" for ::1 at 2015-09-03 16:29:04 +1100


Started GET "/assets/rails-9720ce92c294af48a05710a180f38de1395b304065cf355bf95037ad8f449e87.png" for ::1 at 2015-09-03 16:29:04 +1100


Started GET "/" for ::1 at 2015-09-03 16:31:54 +1100
Processing by StaticPagesController#home as HTML
  Rendered static_pages/home.html.erb within layouts/application (5.0ms)
  Rendered layouts/_shim.html.erb (0.0ms)
  Rendered layouts/_header.html.erb (0.0ms)
  Rendered layouts/_footer.html.erb (0.0ms)
Completed 200 OK in 4546ms (Views: 4545.1ms | ActiveRecord: 0.0ms)


Started GET "/assets/custom.self-0e83585800c95fb9df1c3efe92dc3ff0bbc9834440b2b9a9e404228d1f95d7f2.css?body=1" for ::1 at 2015-09-03 16:31:58 +1100


Started GET "/" for ::1 at 2015-09-03 16:35:32 +1100
Processing by StaticPagesController#home as HTML
  Rendered static_pages/home.html.erb within layouts/application (4.0ms)
  Rendered layouts/_shim.html.erb (0.0ms)
  Rendered layouts/_header.html.erb (0.0ms)
  Rendered layouts/_footer.html.erb (0.0ms)
Completed 200 OK in 4604ms (Views: 4603.0ms | ActiveRecord: 0.0ms)


Started GET "/assets/custom.self-b966b6d707b9abef06574e4bc2f25ac5b88fa0658c9109c4c2e88cf74db988fe.css?body=1" for ::1 at 2015-09-03 16:35:37 +1100


Started GET "/" for ::1 at 2015-09-03 16:40:38 +1100
Processing by StaticPagesController#home as HTML
  Rendered static_pages/home.html.erb within layouts/application (6.0ms)
  Rendered layouts/_shim.html.erb (0.0ms)
  Rendered layouts/_header.html.erb (0.0ms)
  Rendered layouts/_footer.html.erb (0.0ms)
Completed 200 OK in 4672ms (Views: 4671.9ms | ActiveRecord: 0.0ms)


Started GET "/assets/custom.self-838a6efaf67cf8563e9640a7f12fe6e5bc735b0a15ef83e5b85c6e39f1b428d3.css?body=1" for ::1 at 2015-09-03 16:40:43 +1100


Started GET "/" for ::1 at 2015-09-03 16:40:57 +1100
Processing by StaticPagesController#home as HTML
  Rendered static_pages/home.html.erb within layouts/application (4.0ms)
  Rendered layouts/_shim.html.erb (1.0ms)
  Rendered layouts/_header.html.erb (0.0ms)
  Rendered layouts/_footer.html.erb (0.0ms)
Completed 200 OK in 292ms (Views: 290.9ms | ActiveRecord: 0.0ms)


Started GET "/assets/custom.self-838a6efaf67cf8563e9640a7f12fe6e5bc735b0a15ef83e5b85c6e39f1b428d3.css?body=1" for ::1 at 2015-09-03 16:40:58 +1100


Started GET "/assets/application.self-e80e8f2318043e8af94dddc2adad5a4f09739a8ebb323b3ab31cd71d45fd9113.css?body=1" for ::1 at 2015-09-03 16:40:58 +1100


Started GET "/assets/jquery.self-a714331225dda820228db323939889f149aec0127aeb06255646b616ba1ca419.js?body=1" for ::1 at 2015-09-03 16:40:58 +1100


Started GET "/assets/static_pages.self-e3b0c44298fc1c149afbf4c8996fb92427ae41e4649b934ca495991b7852b855.css?body=1" for ::1 at 2015-09-03 16:40:58 +1100


Started GET "/assets/jquery_ujs.self-d456baa54c1fa6be2ec3711f0a72ddf7a5b2f34a6b4f515f33767d6207b7d4b3.js?body=1" for ::1 at 2015-09-03 16:40:58 +1100


Started GET "/assets/turbolinks.self-c37727e9bd6b2735da5c311aa83fead54ed0be6cc8bd9a65309e9c5abe2cbfff.js?body=1" for ::1 at 2015-09-03 16:40:58 +1100


Started GET "/assets/static_pages.self-877aef30ae1b040ab8a3aba4e3e309a11d7f2612f44dde450b5c157aa5f95c05.js?body=1" for ::1 at 2015-09-03 16:40:58 +1100


Started GET "/assets/application.self-3b8dabdc891efe46b9a144b400ad69e37d7e5876bdc39dee783419a69d7ca819.js?body=1" for ::1 at 2015-09-03 16:40:58 +1100


Started GET "/assets/rails-9720ce92c294af48a05710a180f38de1395b304065cf355bf95037ad8f449e87.png" for ::1 at 2015-09-03 16:40:58 +1100


Started GET "/" for ::1 at 2015-09-03 16:42:01 +1100
Processing by StaticPagesController#home as HTML
  Rendered static_pages/home.html.erb within layouts/application (168.1ms)
  Rendered layouts/_shim.html.erb (0.0ms)
  Rendered layouts/_header.html.erb (1.0ms)
  Rendered layouts/_footer.html.erb (1.0ms)
Completed 200 OK in 569ms (Views: 554.6ms | ActiveRecord: 0.0ms)


Started GET "/assets/custom.self-838a6efaf67cf8563e9640a7f12fe6e5bc735b0a15ef83e5b85c6e39f1b428d3.css?body=1" for ::1 at 2015-09-03 16:42:03 +1100


Started GET "/assets/static_pages.self-e3b0c44298fc1c149afbf4c8996fb92427ae41e4649b934ca495991b7852b855.css?body=1" for ::1 at 2015-09-03 16:42:03 +1100


Started GET "/assets/application.self-e80e8f2318043e8af94dddc2adad5a4f09739a8ebb323b3ab31cd71d45fd9113.css?body=1" for ::1 at 2015-09-03 16:42:03 +1100


Started GET "/assets/jquery.self-a714331225dda820228db323939889f149aec0127aeb06255646b616ba1ca419.js?body=1" for ::1 at 2015-09-03 16:42:03 +1100


Started GET "/assets/jquery_ujs.self-d456baa54c1fa6be2ec3711f0a72ddf7a5b2f34a6b4f515f33767d6207b7d4b3.js?body=1" for ::1 at 2015-09-03 16:42:03 +1100


Started GET "/assets/turbolinks.self-c37727e9bd6b2735da5c311aa83fead54ed0be6cc8bd9a65309e9c5abe2cbfff.js?body=1" for ::1 at 2015-09-03 16:42:03 +1100


Started GET "/assets/static_pages.self-877aef30ae1b040ab8a3aba4e3e309a11d7f2612f44dde450b5c157aa5f95c05.js?body=1" for ::1 at 2015-09-03 16:42:03 +1100


Started GET "/assets/application.self-3b8dabdc891efe46b9a144b400ad69e37d7e5876bdc39dee783419a69d7ca819.js?body=1" for ::1 at 2015-09-03 16:42:03 +1100


Started GET "/assets/rails-9720ce92c294af48a05710a180f38de1395b304065cf355bf95037ad8f449e87.png" for ::1 at 2015-09-03 16:42:03 +1100


Started GET "/static_pages/home" for ::1 at 2015-09-03 16:44:24 +1100

ActionController::RoutingError (No route matches [GET] "/static_pages/home"):
  actionpack (4.2.4) lib/action_dispatch/middleware/debug_exceptions.rb:21:in `call'
  web-console (2.2.1) lib/web_console/middleware.rb:39:in `call'
  actionpack (4.2.4) lib/action_dispatch/middleware/show_exceptions.rb:30:in `call'
  railties (4.2.4) lib/rails/rack/logger.rb:38:in `call_app'
  railties (4.2.4) lib/rails/rack/logger.rb:20:in `block in call'
  activesupport (4.2.4) lib/active_support/tagged_logging.rb:68:in `block in tagged'
  activesupport (4.2.4) lib/active_support/tagged_logging.rb:26:in `tagged'
  activesupport (4.2.4) lib/active_support/tagged_logging.rb:68:in `tagged'
  railties (4.2.4) lib/rails/rack/logger.rb:20:in `call'
  actionpack (4.2.4) lib/action_dispatch/middleware/request_id.rb:21:in `call'
  rack (1.6.4) lib/rack/methodoverride.rb:22:in `call'
  rack (1.6.4) lib/rack/runtime.rb:18:in `call'
  activesupport (4.2.4) lib/active_support/cache/strategy/local_cache_middleware.rb:28:in `call'
  rack (1.6.4) lib/rack/lock.rb:17:in `call'
  actionpack (4.2.4) lib/action_dispatch/middleware/static.rb:116:in `call'
  rack (1.6.4) lib/rack/sendfile.rb:113:in `call'
  railties (4.2.4) lib/rails/engine.rb:518:in `call'
  railties (4.2.4) lib/rails/application.rb:165:in `call'
  rack (1.6.4) lib/rack/lock.rb:17:in `call'
  rack (1.6.4) lib/rack/content_length.rb:15:in `call'
  rack (1.6.4) lib/rack/handler/webrick.rb:88:in `service'
  C:/Ruby22-x64/lib/ruby/2.2.0/webrick/httpserver.rb:138:in `service'
  C:/Ruby22-x64/lib/ruby/2.2.0/webrick/httpserver.rb:94:in `run'
  C:/Ruby22-x64/lib/ruby/2.2.0/webrick/server.rb:294:in `block in start_thread'


  Rendered C:/Ruby22-x64/lib/ruby/gems/2.2.0/gems/actionpack-4.2.4/lib/action_dispatch/middleware/templates/rescues/_trace.html.erb (6.0ms)
  Rendered C:/Ruby22-x64/lib/ruby/gems/2.2.0/gems/actionpack-4.2.4/lib/action_dispatch/middleware/templates/routes/_route.html.erb (2.0ms)
  Rendered C:/Ruby22-x64/lib/ruby/gems/2.2.0/gems/actionpack-4.2.4/lib/action_dispatch/middleware/templates/routes/_table.html.erb (26.0ms)
  Rendered C:/Ruby22-x64/lib/ruby/gems/2.2.0/gems/actionpack-4.2.4/lib/action_dispatch/middleware/templates/rescues/_request_and_response.html.erb (3.0ms)
  Rendered C:/Ruby22-x64/lib/ruby/gems/2.2.0/gems/actionpack-4.2.4/lib/action_dispatch/middleware/templates/rescues/routing_error.html.erb within rescues/layout (968.7ms)
  Rendered C:/Ruby22-x64/lib/ruby/gems/2.2.0/gems/web-console-2.2.1/lib/web_console/templates/_markup.html.erb (1.0ms)
  Rendered C:/Ruby22-x64/lib/ruby/gems/2.2.0/gems/web-console-2.2.1/lib/web_console/templates/_inner_console_markup.html.erb within layouts/inlined_string (1.0ms)
  Rendered C:/Ruby22-x64/lib/ruby/gems/2.2.0/gems/web-console-2.2.1/lib/web_console/templates/_prompt_box_markup.html.erb within layouts/inlined_string (0.0ms)
  Rendered C:/Ruby22-x64/lib/ruby/gems/2.2.0/gems/web-console-2.2.1/lib/web_console/templates/style.css.erb within layouts/inlined_string (1.0ms)
  Rendered C:/Ruby22-x64/lib/ruby/gems/2.2.0/gems/web-console-2.2.1/lib/web_console/templates/console.js.erb within layouts/javascript (663.5ms)
  Rendered C:/Ruby22-x64/lib/ruby/gems/2.2.0/gems/web-console-2.2.1/lib/web_console/templates/main.js.erb within layouts/javascript (0.0ms)
  Rendered C:/Ruby22-x64/lib/ruby/gems/2.2.0/gems/web-console-2.2.1/lib/web_console/templates/error_page.js.erb within layouts/javascript (1.0ms)
  Rendered C:/Ruby22-x64/lib/ruby/gems/2.2.0/gems/web-console-2.2.1/lib/web_console/templates/index.html.erb (1494.7ms)


Started GET "/static_pages/about" for ::1 at 2015-09-03 16:44:28 +1100
Processing by StaticPagesController#about as HTML
  Rendered static_pages/about.html.erb within layouts/application (1.0ms)
  Rendered layouts/_shim.html.erb (0.0ms)
  Rendered layouts/_header.html.erb (0.0ms)
  Rendered layouts/_footer.html.erb (0.0ms)
Completed 200 OK in 485ms (Views: 483.9ms | ActiveRecord: 0.0ms)


Started GET "/static_pages/help" for ::1 at 2015-09-03 16:44:33 +1100
Processing by StaticPagesController#help as HTML
  Rendered static_pages/help.html.erb within layouts/application (0.0ms)
  Rendered layouts/_shim.html.erb (0.0ms)
  Rendered layouts/_header.html.erb (0.0ms)
  Rendered layouts/_footer.html.erb (0.0ms)
Completed 200 OK in 242ms (Views: 242.5ms | ActiveRecord: 0.0ms)


Started GET "/static_pages/contact" for ::1 at 2015-09-03 16:44:35 +1100
Processing by StaticPagesController#contact as HTML
  Rendered static_pages/contact.html.erb within layouts/application (0.0ms)
  Rendered layouts/_shim.html.erb (0.0ms)
  Rendered layouts/_header.html.erb (1.0ms)
  Rendered layouts/_footer.html.erb (0.0ms)
Completed 200 OK in 239ms (Views: 238.4ms | ActiveRecord: 0.0ms)


Started GET "/" for ::1 at 2015-09-03 16:44:40 +1100
Processing by StaticPagesController#home as HTML
  Rendered static_pages/home.html.erb within layouts/application (5.0ms)
  Rendered layouts/_shim.html.erb (0.0ms)
  Rendered layouts/_header.html.erb (0.0ms)
  Rendered layouts/_footer.html.erb (0.0ms)
Completed 200 OK in 281ms (Views: 280.0ms | ActiveRecord: 0.0ms)


Started GET "/about" for ::1 at 2015-09-03 17:00:25 +1100

ActionController::RoutingError (uninitialized constant StaticPages):
  activesupport (4.2.4) lib/active_support/inflector/methods.rb:261:in `const_get'
  activesupport (4.2.4) lib/active_support/inflector/methods.rb:261:in `block in constantize'
  activesupport (4.2.4) lib/active_support/inflector/methods.rb:259:in `each'
  activesupport (4.2.4) lib/active_support/inflector/methods.rb:259:in `inject'
  activesupport (4.2.4) lib/active_support/inflector/methods.rb:259:in `constantize'
  actionpack (4.2.4) lib/action_dispatch/routing/route_set.rb:72:in `controller_reference'
  actionpack (4.2.4) lib/action_dispatch/routing/route_set.rb:62:in `controller'
  actionpack (4.2.4) lib/action_dispatch/routing/route_set.rb:41:in `serve'
  actionpack (4.2.4) lib/action_dispatch/journey/router.rb:43:in `block in serve'
  actionpack (4.2.4) lib/action_dispatch/journey/router.rb:30:in `each'
  actionpack (4.2.4) lib/action_dispatch/journey/router.rb:30:in `serve'
  actionpack (4.2.4) lib/action_dispatch/routing/route_set.rb:821:in `call'
  rack (1.6.4) lib/rack/etag.rb:24:in `call'
  rack (1.6.4) lib/rack/conditionalget.rb:25:in `call'
  rack (1.6.4) lib/rack/head.rb:13:in `call'
  actionpack (4.2.4) lib/action_dispatch/middleware/params_parser.rb:27:in `call'
  actionpack (4.2.4) lib/action_dispatch/middleware/flash.rb:260:in `call'
  rack (1.6.4) lib/rack/session/abstract/id.rb:225:in `context'
  rack (1.6.4) lib/rack/session/abstract/id.rb:220:in `call'
  actionpack (4.2.4) lib/action_dispatch/middleware/cookies.rb:560:in `call'
  activerecord (4.2.4) lib/active_record/query_cache.rb:36:in `call'
  activerecord (4.2.4) lib/active_record/connection_adapters/abstract/connection_pool.rb:653:in `call'
  activerecord (4.2.4) lib/active_record/migration.rb:377:in `call'
  actionpack (4.2.4) lib/action_dispatch/middleware/callbacks.rb:29:in `block in call'
  activesupport (4.2.4) lib/active_support/callbacks.rb:88:in `__run_callbacks__'
  activesupport (4.2.4) lib/active_support/callbacks.rb:778:in `_run_call_callbacks'
  activesupport (4.2.4) lib/active_support/callbacks.rb:81:in `run_callbacks'
  actionpack (4.2.4) lib/action_dispatch/middleware/callbacks.rb:27:in `call'
  actionpack (4.2.4) lib/action_dispatch/middleware/reloader.rb:73:in `call'
  actionpack (4.2.4) lib/action_dispatch/middleware/remote_ip.rb:78:in `call'
  actionpack (4.2.4) lib/action_dispatch/middleware/debug_exceptions.rb:17:in `call'
  web-console (2.2.1) lib/web_console/middleware.rb:39:in `call'
  actionpack (4.2.4) lib/action_dispatch/middleware/show_exceptions.rb:30:in `call'
  railties (4.2.4) lib/rails/rack/logger.rb:38:in `call_app'
  railties (4.2.4) lib/rails/rack/logger.rb:20:in `block in call'
  activesupport (4.2.4) lib/active_support/tagged_logging.rb:68:in `block in tagged'
  activesupport (4.2.4) lib/active_support/tagged_logging.rb:26:in `tagged'
  activesupport (4.2.4) lib/active_support/tagged_logging.rb:68:in `tagged'
  railties (4.2.4) lib/rails/rack/logger.rb:20:in `call'
  actionpack (4.2.4) lib/action_dispatch/middleware/request_id.rb:21:in `call'
  rack (1.6.4) lib/rack/methodoverride.rb:22:in `call'
  rack (1.6.4) lib/rack/runtime.rb:18:in `call'
  activesupport (4.2.4) lib/active_support/cache/strategy/local_cache_middleware.rb:28:in `call'
  rack (1.6.4) lib/rack/lock.rb:17:in `call'
  actionpack (4.2.4) lib/action_dispatch/middleware/static.rb:116:in `call'
  rack (1.6.4) lib/rack/sendfile.rb:113:in `call'
  railties (4.2.4) lib/rails/engine.rb:518:in `call'
  railties (4.2.4) lib/rails/application.rb:165:in `call'
  rack (1.6.4) lib/rack/lock.rb:17:in `call'
  rack (1.6.4) lib/rack/content_length.rb:15:in `call'
  rack (1.6.4) lib/rack/handler/webrick.rb:88:in `service'
  C:/Ruby22-x64/lib/ruby/2.2.0/webrick/httpserver.rb:138:in `service'
  C:/Ruby22-x64/lib/ruby/2.2.0/webrick/httpserver.rb:94:in `run'
  C:/Ruby22-x64/lib/ruby/2.2.0/webrick/server.rb:294:in `block in start_thread'


  Rendered C:/Ruby22-x64/lib/ruby/gems/2.2.0/gems/actionpack-4.2.4/lib/action_dispatch/middleware/templates/rescues/_trace.html.erb (3.0ms)
  Rendered C:/Ruby22-x64/lib/ruby/gems/2.2.0/gems/actionpack-4.2.4/lib/action_dispatch/middleware/templates/routes/_route.html.erb (2.0ms)
  Rendered C:/Ruby22-x64/lib/ruby/gems/2.2.0/gems/actionpack-4.2.4/lib/action_dispatch/middleware/templates/routes/_table.html.erb (3.0ms)
  Rendered C:/Ruby22-x64/lib/ruby/gems/2.2.0/gems/actionpack-4.2.4/lib/action_dispatch/middleware/templates/rescues/_request_and_response.html.erb (1.0ms)
  Rendered C:/Ruby22-x64/lib/ruby/gems/2.2.0/gems/actionpack-4.2.4/lib/action_dispatch/middleware/templates/rescues/routing_error.html.erb within rescues/layout (835.6ms)
  Rendered C:/Ruby22-x64/lib/ruby/gems/2.2.0/gems/web-console-2.2.1/lib/web_console/templates/_markup.html.erb (0.0ms)
  Rendered C:/Ruby22-x64/lib/ruby/gems/2.2.0/gems/web-console-2.2.1/lib/web_console/templates/_inner_console_markup.html.erb within layouts/inlined_string (0.0ms)
  Rendered C:/Ruby22-x64/lib/ruby/gems/2.2.0/gems/web-console-2.2.1/lib/web_console/templates/_prompt_box_markup.html.erb within layouts/inlined_string (0.0ms)
  Rendered C:/Ruby22-x64/lib/ruby/gems/2.2.0/gems/web-console-2.2.1/lib/web_console/templates/style.css.erb within layouts/inlined_string (0.0ms)
  Rendered C:/Ruby22-x64/lib/ruby/gems/2.2.0/gems/web-console-2.2.1/lib/web_console/templates/console.js.erb within layouts/javascript (510.4ms)
  Rendered C:/Ruby22-x64/lib/ruby/gems/2.2.0/gems/web-console-2.2.1/lib/web_console/templates/main.js.erb within layouts/javascript (0.0ms)
  Rendered C:/Ruby22-x64/lib/ruby/gems/2.2.0/gems/web-console-2.2.1/lib/web_console/templates/error_page.js.erb within layouts/javascript (1.0ms)
  Rendered C:/Ruby22-x64/lib/ruby/gems/2.2.0/gems/web-console-2.2.1/lib/web_console/templates/index.html.erb (1158.9ms)


Started GET "/" for ::1 at 2015-09-03 17:00:56 +1100
Processing by StaticPagesController#home as HTML
  Rendered static_pages/home.html.erb within layouts/application (186.1ms)
  Rendered layouts/_shim.html.erb (1.0ms)
  Rendered layouts/_header.html.erb (1.0ms)
  Rendered layouts/_footer.html.erb (0.0ms)
Completed 200 OK in 568ms (Views: 553.2ms | ActiveRecord: 0.0ms)


Started GET "/assets/custom.self-838a6efaf67cf8563e9640a7f12fe6e5bc735b0a15ef83e5b85c6e39f1b428d3.css?body=1" for ::1 at 2015-09-03 17:00:58 +1100


Started GET "/assets/static_pages.self-e3b0c44298fc1c149afbf4c8996fb92427ae41e4649b934ca495991b7852b855.css?body=1" for ::1 at 2015-09-03 17:00:58 +1100


Started GET "/assets/application.self-e80e8f2318043e8af94dddc2adad5a4f09739a8ebb323b3ab31cd71d45fd9113.css?body=1" for ::1 at 2015-09-03 17:00:58 +1100


Started GET "/assets/jquery.self-a714331225dda820228db323939889f149aec0127aeb06255646b616ba1ca419.js?body=1" for ::1 at 2015-09-03 17:00:58 +1100


Started GET "/assets/jquery_ujs.self-d456baa54c1fa6be2ec3711f0a72ddf7a5b2f34a6b4f515f33767d6207b7d4b3.js?body=1" for ::1 at 2015-09-03 17:00:58 +1100


Started GET "/assets/turbolinks.self-c37727e9bd6b2735da5c311aa83fead54ed0be6cc8bd9a65309e9c5abe2cbfff.js?body=1" for ::1 at 2015-09-03 17:00:58 +1100


Started GET "/assets/static_pages.self-877aef30ae1b040ab8a3aba4e3e309a11d7f2612f44dde450b5c157aa5f95c05.js?body=1" for ::1 at 2015-09-03 17:00:58 +1100


Started GET "/assets/application.self-3b8dabdc891efe46b9a144b400ad69e37d7e5876bdc39dee783419a69d7ca819.js?body=1" for ::1 at 2015-09-03 17:00:58 +1100


Started GET "/assets/rails-9720ce92c294af48a05710a180f38de1395b304065cf355bf95037ad8f449e87.png" for ::1 at 2015-09-03 17:00:58 +1100


Started GET "/about" for ::1 at 2015-09-03 17:01:05 +1100

ActionController::RoutingError (uninitialized constant StaticPages):
  activesupport (4.2.4) lib/active_support/inflector/methods.rb:261:in `const_get'
  activesupport (4.2.4) lib/active_support/inflector/methods.rb:261:in `block in constantize'
  activesupport (4.2.4) lib/active_support/inflector/methods.rb:259:in `each'
  activesupport (4.2.4) lib/active_support/inflector/methods.rb:259:in `inject'
  activesupport (4.2.4) lib/active_support/inflector/methods.rb:259:in `constantize'
  actionpack (4.2.4) lib/action_dispatch/routing/route_set.rb:72:in `controller_reference'
  actionpack (4.2.4) lib/action_dispatch/routing/route_set.rb:62:in `controller'
  actionpack (4.2.4) lib/action_dispatch/routing/route_set.rb:41:in `serve'
  actionpack (4.2.4) lib/action_dispatch/journey/router.rb:43:in `block in serve'
  actionpack (4.2.4) lib/action_dispatch/journey/router.rb:30:in `each'
  actionpack (4.2.4) lib/action_dispatch/journey/router.rb:30:in `serve'
  actionpack (4.2.4) lib/action_dispatch/routing/route_set.rb:821:in `call'
  rack (1.6.4) lib/rack/etag.rb:24:in `call'
  rack (1.6.4) lib/rack/conditionalget.rb:25:in `call'
  rack (1.6.4) lib/rack/head.rb:13:in `call'
  actionpack (4.2.4) lib/action_dispatch/middleware/params_parser.rb:27:in `call'
  actionpack (4.2.4) lib/action_dispatch/middleware/flash.rb:260:in `call'
  rack (1.6.4) lib/rack/session/abstract/id.rb:225:in `context'
  rack (1.6.4) lib/rack/session/abstract/id.rb:220:in `call'
  actionpack (4.2.4) lib/action_dispatch/middleware/cookies.rb:560:in `call'
  activerecord (4.2.4) lib/active_record/query_cache.rb:36:in `call'
  activerecord (4.2.4) lib/active_record/connection_adapters/abstract/connection_pool.rb:653:in `call'
  activerecord (4.2.4) lib/active_record/migration.rb:377:in `call'
  actionpack (4.2.4) lib/action_dispatch/middleware/callbacks.rb:29:in `block in call'
  activesupport (4.2.4) lib/active_support/callbacks.rb:88:in `__run_callbacks__'
  activesupport (4.2.4) lib/active_support/callbacks.rb:778:in `_run_call_callbacks'
  activesupport (4.2.4) lib/active_support/callbacks.rb:81:in `run_callbacks'
  actionpack (4.2.4) lib/action_dispatch/middleware/callbacks.rb:27:in `call'
  actionpack (4.2.4) lib/action_dispatch/middleware/reloader.rb:73:in `call'
  actionpack (4.2.4) lib/action_dispatch/middleware/remote_ip.rb:78:in `call'
  actionpack (4.2.4) lib/action_dispatch/middleware/debug_exceptions.rb:17:in `call'
  web-console (2.2.1) lib/web_console/middleware.rb:39:in `call'
  actionpack (4.2.4) lib/action_dispatch/middleware/show_exceptions.rb:30:in `call'
  railties (4.2.4) lib/rails/rack/logger.rb:38:in `call_app'
  railties (4.2.4) lib/rails/rack/logger.rb:20:in `block in call'
  activesupport (4.2.4) lib/active_support/tagged_logging.rb:68:in `block in tagged'
  activesupport (4.2.4) lib/active_support/tagged_logging.rb:26:in `tagged'
  activesupport (4.2.4) lib/active_support/tagged_logging.rb:68:in `tagged'
  railties (4.2.4) lib/rails/rack/logger.rb:20:in `call'
  actionpack (4.2.4) lib/action_dispatch/middleware/request_id.rb:21:in `call'
  rack (1.6.4) lib/rack/methodoverride.rb:22:in `call'
  rack (1.6.4) lib/rack/runtime.rb:18:in `call'
  activesupport (4.2.4) lib/active_support/cache/strategy/local_cache_middleware.rb:28:in `call'
  rack (1.6.4) lib/rack/lock.rb:17:in `call'
  actionpack (4.2.4) lib/action_dispatch/middleware/static.rb:116:in `call'
  rack (1.6.4) lib/rack/sendfile.rb:113:in `call'
  railties (4.2.4) lib/rails/engine.rb:518:in `call'
  railties (4.2.4) lib/rails/application.rb:165:in `call'
  rack (1.6.4) lib/rack/lock.rb:17:in `call'
  rack (1.6.4) lib/rack/content_length.rb:15:in `call'
  rack (1.6.4) lib/rack/handler/webrick.rb:88:in `service'
  C:/Ruby22-x64/lib/ruby/2.2.0/webrick/httpserver.rb:138:in `service'
  C:/Ruby22-x64/lib/ruby/2.2.0/webrick/httpserver.rb:94:in `run'
  C:/Ruby22-x64/lib/ruby/2.2.0/webrick/server.rb:294:in `block in start_thread'


  Rendered C:/Ruby22-x64/lib/ruby/gems/2.2.0/gems/actionpack-4.2.4/lib/action_dispatch/middleware/templates/rescues/_trace.html.erb (4.0ms)
  Rendered C:/Ruby22-x64/lib/ruby/gems/2.2.0/gems/actionpack-4.2.4/lib/action_dispatch/middleware/templates/routes/_route.html.erb (2.0ms)
  Rendered C:/Ruby22-x64/lib/ruby/gems/2.2.0/gems/actionpack-4.2.4/lib/action_dispatch/middleware/templates/routes/_table.html.erb (26.0ms)
  Rendered C:/Ruby22-x64/lib/ruby/gems/2.2.0/gems/actionpack-4.2.4/lib/action_dispatch/middleware/templates/rescues/_request_and_response.html.erb (3.0ms)
  Rendered C:/Ruby22-x64/lib/ruby/gems/2.2.0/gems/actionpack-4.2.4/lib/action_dispatch/middleware/templates/rescues/routing_error.html.erb within rescues/layout (886.6ms)
  Rendered C:/Ruby22-x64/lib/ruby/gems/2.2.0/gems/web-console-2.2.1/lib/web_console/templates/_markup.html.erb (0.0ms)
  Rendered C:/Ruby22-x64/lib/ruby/gems/2.2.0/gems/web-console-2.2.1/lib/web_console/templates/_inner_console_markup.html.erb within layouts/inlined_string (1.0ms)
  Rendered C:/Ruby22-x64/lib/ruby/gems/2.2.0/gems/web-console-2.2.1/lib/web_console/templates/_prompt_box_markup.html.erb within layouts/inlined_string (0.0ms)
  Rendered C:/Ruby22-x64/lib/ruby/gems/2.2.0/gems/web-console-2.2.1/lib/web_console/templates/style.css.erb within layouts/inlined_string (1.0ms)
  Rendered C:/Ruby22-x64/lib/ruby/gems/2.2.0/gems/web-console-2.2.1/lib/web_console/templates/console.js.erb within layouts/javascript (679.5ms)
  Rendered C:/Ruby22-x64/lib/ruby/gems/2.2.0/gems/web-console-2.2.1/lib/web_console/templates/main.js.erb within layouts/javascript (1.0ms)
  Rendered C:/Ruby22-x64/lib/ruby/gems/2.2.0/gems/web-console-2.2.1/lib/web_console/templates/error_page.js.erb within layouts/javascript (1.0ms)
  Rendered C:/Ruby22-x64/lib/ruby/gems/2.2.0/gems/web-console-2.2.1/lib/web_console/templates/index.html.erb (1417.0ms)


Started GET "/ahelp" for ::1 at 2015-09-03 17:01:13 +1100

ActionController::RoutingError (No route matches [GET] "/ahelp"):
  actionpack (4.2.4) lib/action_dispatch/middleware/debug_exceptions.rb:21:in `call'
  web-console (2.2.1) lib/web_console/middleware.rb:39:in `call'
  actionpack (4.2.4) lib/action_dispatch/middleware/show_exceptions.rb:30:in `call'
  railties (4.2.4) lib/rails/rack/logger.rb:38:in `call_app'
  railties (4.2.4) lib/rails/rack/logger.rb:20:in `block in call'
  activesupport (4.2.4) lib/active_support/tagged_logging.rb:68:in `block in tagged'
  activesupport (4.2.4) lib/active_support/tagged_logging.rb:26:in `tagged'
  activesupport (4.2.4) lib/active_support/tagged_logging.rb:68:in `tagged'
  railties (4.2.4) lib/rails/rack/logger.rb:20:in `call'
  actionpack (4.2.4) lib/action_dispatch/middleware/request_id.rb:21:in `call'
  rack (1.6.4) lib/rack/methodoverride.rb:22:in `call'
  rack (1.6.4) lib/rack/runtime.rb:18:in `call'
  activesupport (4.2.4) lib/active_support/cache/strategy/local_cache_middleware.rb:28:in `call'
  rack (1.6.4) lib/rack/lock.rb:17:in `call'
  actionpack (4.2.4) lib/action_dispatch/middleware/static.rb:116:in `call'
  rack (1.6.4) lib/rack/sendfile.rb:113:in `call'
  railties (4.2.4) lib/rails/engine.rb:518:in `call'
  railties (4.2.4) lib/rails/application.rb:165:in `call'
  rack (1.6.4) lib/rack/lock.rb:17:in `call'
  rack (1.6.4) lib/rack/content_length.rb:15:in `call'
  rack (1.6.4) lib/rack/handler/webrick.rb:88:in `service'
  C:/Ruby22-x64/lib/ruby/2.2.0/webrick/httpserver.rb:138:in `service'
  C:/Ruby22-x64/lib/ruby/2.2.0/webrick/httpserver.rb:94:in `run'
  C:/Ruby22-x64/lib/ruby/2.2.0/webrick/server.rb:294:in `block in start_thread'


  Rendered C:/Ruby22-x64/lib/ruby/gems/2.2.0/gems/actionpack-4.2.4/lib/action_dispatch/middleware/templates/rescues/_trace.html.erb (1.0ms)
  Rendered C:/Ruby22-x64/lib/ruby/gems/2.2.0/gems/actionpack-4.2.4/lib/action_dispatch/middleware/templates/routes/_route.html.erb (1.0ms)
  Rendered C:/Ruby22-x64/lib/ruby/gems/2.2.0/gems/actionpack-4.2.4/lib/action_dispatch/middleware/templates/routes/_table.html.erb (2.0ms)
  Rendered C:/Ruby22-x64/lib/ruby/gems/2.2.0/gems/actionpack-4.2.4/lib/action_dispatch/middleware/templates/rescues/_request_and_response.html.erb (1.0ms)
  Rendered C:/Ruby22-x64/lib/ruby/gems/2.2.0/gems/actionpack-4.2.4/lib/action_dispatch/middleware/templates/rescues/routing_error.html.erb within rescues/layout (839.4ms)
  Rendered C:/Ruby22-x64/lib/ruby/gems/2.2.0/gems/web-console-2.2.1/lib/web_console/templates/_markup.html.erb (0.0ms)
  Rendered C:/Ruby22-x64/lib/ruby/gems/2.2.0/gems/web-console-2.2.1/lib/web_console/templates/_inner_console_markup.html.erb within layouts/inlined_string (1.0ms)
  Rendered C:/Ruby22-x64/lib/ruby/gems/2.2.0/gems/web-console-2.2.1/lib/web_console/templates/_prompt_box_markup.html.erb within layouts/inlined_string (1.0ms)
  Rendered C:/Ruby22-x64/lib/ruby/gems/2.2.0/gems/web-console-2.2.1/lib/web_console/templates/style.css.erb within layouts/inlined_string (1.0ms)
  Rendered C:/Ruby22-x64/lib/ruby/gems/2.2.0/gems/web-console-2.2.1/lib/web_console/templates/console.js.erb within layouts/javascript (561.4ms)
  Rendered C:/Ruby22-x64/lib/ruby/gems/2.2.0/gems/web-console-2.2.1/lib/web_console/templates/main.js.erb within layouts/javascript (1.0ms)
  Rendered C:/Ruby22-x64/lib/ruby/gems/2.2.0/gems/web-console-2.2.1/lib/web_console/templates/error_page.js.erb within layouts/javascript (0.0ms)
  Rendered C:/Ruby22-x64/lib/ruby/gems/2.2.0/gems/web-console-2.2.1/lib/web_console/templates/index.html.erb (1232.9ms)


Started GET "/help" for ::1 at 2015-09-03 17:01:27 +1100
Processing by StaticPagesController#help as HTML
  Rendered static_pages/help.html.erb within layouts/application (1.0ms)
  Rendered layouts/_shim.html.erb (0.0ms)
  Rendered layouts/_header.html.erb (0.0ms)
  Rendered layouts/_footer.html.erb (0.0ms)
Completed 200 OK in 215ms (Views: 213.9ms | ActiveRecord: 0.0ms)


Started GET "/about" for ::1 at 2015-09-03 17:01:30 +1100
Processing by StaticPagesController#about as HTML
  Rendered static_pages/about.html.erb within layouts/application (0.0ms)
  Rendered layouts/_shim.html.erb (0.0ms)
  Rendered layouts/_header.html.erb (1.0ms)
  Rendered layouts/_footer.html.erb (0.0ms)
Completed 200 OK in 230ms (Views: 229.2ms | ActiveRecord: 0.0ms)


Started GET "/contact" for ::1 at 2015-09-03 17:01:32 +1100
Processing by StaticPagesController#contact as HTML
  Rendered static_pages/contact.html.erb within layouts/application (1.0ms)
  Rendered layouts/_shim.html.erb (1.0ms)
  Rendered layouts/_header.html.erb (0.0ms)
  Rendered layouts/_footer.html.erb (0.0ms)
Completed 200 OK in 230ms (Views: 230.0ms | ActiveRecord: 0.0ms)


Started GET "/" for ::1 at 2015-09-03 17:01:35 +1100
Processing by StaticPagesController#home as HTML
  Rendered static_pages/home.html.erb within layouts/application (8.0ms)
  Rendered layouts/_shim.html.erb (0.0ms)
  Rendered layouts/_header.html.erb (0.0ms)
  Rendered layouts/_footer.html.erb (0.0ms)
Completed 200 OK in 303ms (Views: 302.6ms | ActiveRecord: 0.0ms)


Started GET "/" for ::1 at 2015-09-03 17:07:36 +1100
Processing by StaticPagesController#home as HTML
  Rendered static_pages/home.html.erb within layouts/application (4.0ms)
  Rendered layouts/_shim.html.erb (0.0ms)
  Rendered layouts/_header.html.erb (1.0ms)
  Rendered layouts/_footer.html.erb (0.0ms)
Completed 200 OK in 235ms (Views: 233.8ms | ActiveRecord: 0.0ms)


Started GET "/" for ::1 at 2015-09-03 17:07:37 +1100
Processing by StaticPagesController#home as HTML
  Rendered static_pages/home.html.erb within layouts/application (5.0ms)
  Rendered layouts/_shim.html.erb (0.0ms)
  Rendered layouts/_header.html.erb (1.0ms)
  Rendered layouts/_footer.html.erb (0.0ms)
Completed 200 OK in 330ms (Views: 328.1ms | ActiveRecord: 0.0ms)


Started GET "/help" for ::1 at 2015-09-03 17:07:39 +1100
Processing by StaticPagesController#help as HTML
  Rendered static_pages/help.html.erb within layouts/application (1.0ms)
  Rendered layouts/_shim.html.erb (1.0ms)
  Rendered layouts/_header.html.erb (1.0ms)
  Rendered layouts/_footer.html.erb (1.0ms)
Completed 200 OK in 373ms (Views: 373.2ms | ActiveRecord: 0.0ms)


Started GET "/" for ::1 at 2015-09-03 17:07:40 +1100
Processing by StaticPagesController#home as HTML
  Rendered static_pages/home.html.erb within layouts/application (5.0ms)
  Rendered layouts/_shim.html.erb (0.0ms)
  Rendered layouts/_header.html.erb (1.0ms)
  Rendered layouts/_footer.html.erb (1.0ms)
Completed 200 OK in 295ms (Views: 293.8ms | ActiveRecord: 0.0ms)


Started GET "/about" for ::1 at 2015-09-03 17:07:42 +1100
Processing by StaticPagesController#about as HTML
  Rendered static_pages/about.html.erb within layouts/application (0.0ms)
  Rendered layouts/_shim.html.erb (0.0ms)
  Rendered layouts/_header.html.erb (0.0ms)
  Rendered layouts/_footer.html.erb (0.0ms)
Completed 200 OK in 221ms (Views: 226.1ms | ActiveRecord: 0.0ms)


Started GET "/contact" for ::1 at 2015-09-03 17:07:43 +1100
Processing by StaticPagesController#contact as HTML
  Rendered static_pages/contact.html.erb within layouts/application (1.0ms)
  Rendered layouts/_shim.html.erb (0.0ms)
  Rendered layouts/_header.html.erb (0.0ms)
  Rendered layouts/_footer.html.erb (1.0ms)
Completed 200 OK in 312ms (Views: 311.4ms | ActiveRecord: 0.0ms)


Started GET "/" for ::1 at 2015-09-03 17:07:44 +1100
Processing by StaticPagesController#home as HTML
  Rendered static_pages/home.html.erb within layouts/application (6.0ms)
  Rendered layouts/_shim.html.erb (0.0ms)
  Rendered layouts/_header.html.erb (1.0ms)
  Rendered layouts/_footer.html.erb (0.0ms)
Completed 200 OK in 298ms (Views: 298.0ms | ActiveRecord: 0.0ms)


Started GET "/help" for ::1 at 2015-09-03 17:07:47 +1100
Processing by StaticPagesController#help as HTML
  Rendered static_pages/help.html.erb within layouts/application (0.0ms)
  Rendered layouts/_shim.html.erb (0.0ms)
  Rendered layouts/_header.html.erb (0.0ms)
  Rendered layouts/_footer.html.erb (0.0ms)
Completed 200 OK in 216ms (Views: 216.5ms | ActiveRecord: 0.0ms)


Started GET "/" for ::1 at 2015-09-03 17:07:48 +1100
Processing by StaticPagesController#home as HTML
  Rendered static_pages/home.html.erb within layouts/application (7.0ms)
  Rendered layouts/_shim.html.erb (0.0ms)
  Rendered layouts/_header.html.erb (0.0ms)
  Rendered layouts/_footer.html.erb (1.0ms)
Completed 200 OK in 284ms (Views: 283.4ms | ActiveRecord: 0.0ms)


Started GET "/users/new" for ::1 at 2015-09-03 17:35:13 +1100
Processing by UsersController#new as HTML
  Rendered users/new.html.erb within layouts/application (1.0ms)
  Rendered layouts/_shim.html.erb (0.0ms)
  Rendered layouts/_header.html.erb (0.0ms)
  Rendered layouts/_footer.html.erb (1.0ms)
Completed 200 OK in 479ms (Views: 479.2ms | ActiveRecord: 0.0ms)


Started GET "/assets/users.self-e3b0c44298fc1c149afbf4c8996fb92427ae41e4649b934ca495991b7852b855.css?body=1" for ::1 at 2015-09-03 17:35:14 +1100


Started GET "/assets/users.self-877aef30ae1b040ab8a3aba4e3e309a11d7f2612f44dde450b5c157aa5f95c05.js?body=1" for ::1 at 2015-09-03 17:35:14 +1100


Started GET "/" for ::1 at 2015-09-03 17:35:46 +1100
Processing by StaticPagesController#home as HTML
  Rendered static_pages/home.html.erb within layouts/application (4.0ms)
  Rendered layouts/_shim.html.erb (0.0ms)
  Rendered layouts/_header.html.erb (0.0ms)
  Rendered layouts/_footer.html.erb (0.0ms)
Completed 200 OK in 262ms (Views: 266.6ms | ActiveRecord: 0.0ms)


Started GET "/" for ::1 at 2015-09-03 17:38:29 +1100
Processing by StaticPagesController#home as HTML
  Rendered static_pages/home.html.erb within layouts/application (6.0ms)
  Rendered layouts/_shim.html.erb (0.0ms)
  Rendered layouts/_header.html.erb (1.0ms)
  Rendered layouts/_footer.html.erb (1.0ms)
Completed 200 OK in 305ms (Views: 304.0ms | ActiveRecord: 0.0ms)


Started GET "/signup" for ::1 at 2015-09-03 17:38:31 +1100
Processing by UsersController#new as HTML
  Rendered users/new.html.erb within layouts/application (0.0ms)
  Rendered layouts/_shim.html.erb (0.0ms)
  Rendered layouts/_header.html.erb (0.0ms)
  Rendered layouts/_footer.html.erb (0.0ms)
Completed 200 OK in 318ms (Views: 328.3ms | ActiveRecord: 0.0ms)


Started GET "/signup" for ::1 at 2015-09-03 17:43:09 +1100
Processing by UsersController#new as HTML
  Rendered users/new.html.erb within layouts/application (1.0ms)
  Rendered layouts/_shim.html.erb (0.0ms)
  Rendered layouts/_header.html.erb (1.0ms)
  Rendered layouts/_footer.html.erb (0.0ms)
Completed 200 OK in 234ms (Views: 233.4ms | ActiveRecord: 0.0ms)


Started GET "/" for ::1 at 2015-09-03 17:43:12 +1100
Processing by StaticPagesController#home as HTML
  Rendered static_pages/home.html.erb within layouts/application (4.0ms)
  Rendered layouts/_shim.html.erb (1.0ms)
  Rendered layouts/_header.html.erb (0.0ms)
  Rendered layouts/_footer.html.erb (0.0ms)
Completed 200 OK in 224ms (Views: 223.5ms | ActiveRecord: 0.0ms)


Started GET "/" for ::1 at 2015-09-03 17:43:13 +1100
Processing by StaticPagesController#home as HTML
  Rendered static_pages/home.html.erb within layouts/application (5.0ms)
  Rendered layouts/_shim.html.erb (0.0ms)
  Rendered layouts/_header.html.erb (0.0ms)
  Rendered layouts/_footer.html.erb (0.0ms)
Completed 200 OK in 317ms (Views: 319.6ms | ActiveRecord: 0.0ms)


Started GET "/signup" for ::1 at 2015-09-03 17:43:15 +1100
Processing by UsersController#new as HTML
  Rendered users/new.html.erb within layouts/application (0.0ms)
  Rendered layouts/_shim.html.erb (0.0ms)
  Rendered layouts/_header.html.erb (0.0ms)
  Rendered layouts/_footer.html.erb (0.0ms)
Completed 200 OK in 216ms (Views: 222.8ms | ActiveRecord: 0.0ms)


Started GET "/" for ::1 at 2015-09-03 17:43:17 +1100
Processing by StaticPagesController#home as HTML
  Rendered static_pages/home.html.erb within layouts/application (0.0ms)
  Rendered layouts/_shim.html.erb (0.0ms)
  Rendered layouts/_header.html.erb (0.0ms)
  Rendered layouts/_footer.html.erb (0.0ms)
Completed 200 OK in 215ms (Views: 218.1ms | ActiveRecord: 0.0ms)


Started GET "/help" for ::1 at 2015-09-03 17:43:18 +1100
Processing by StaticPagesController#help as HTML
  Rendered static_pages/help.html.erb within layouts/application (0.0ms)
  Rendered layouts/_shim.html.erb (1.0ms)
  Rendered layouts/_header.html.erb (1.0ms)
  Rendered layouts/_footer.html.erb (1.0ms)
Completed 200 OK in 315ms (Views: 314.3ms | ActiveRecord: 0.0ms)


Started GET "/contact" for ::1 at 2015-09-03 17:43:21 +1100
Processing by StaticPagesController#contact as HTML
  Rendered static_pages/contact.html.erb within layouts/application (0.0ms)
  Rendered layouts/_shim.html.erb (0.0ms)
  Rendered layouts/_header.html.erb (0.0ms)
  Rendered layouts/_footer.html.erb (0.0ms)
Completed 200 OK in 216ms (Views: 221.2ms | ActiveRecord: 0.0ms)


Started GET "/about" for ::1 at 2015-09-03 17:43:24 +1100
Processing by StaticPagesController#about as HTML
  Rendered static_pages/about.html.erb within layouts/application (0.0ms)
  Rendered layouts/_shim.html.erb (0.0ms)
  Rendered layouts/_header.html.erb (1.0ms)
  Rendered layouts/_footer.html.erb (0.0ms)
Completed 200 OK in 293ms (Views: 292.9ms | ActiveRecord: 0.0ms)


Started GET "/" for ::1 at 2015-09-03 17:43:25 +1100
Processing by StaticPagesController#home as HTML
  Rendered static_pages/home.html.erb within layouts/application (9.0ms)
  Rendered layouts/_shim.html.erb (0.0ms)
  Rendered layouts/_header.html.erb (1.0ms)
  Rendered layouts/_footer.html.erb (0.0ms)
Completed 200 OK in 442ms (Views: 441.4ms | ActiveRecord: 0.0ms)


Started GET "/" for ::1 at 2015-09-03 19:24:49 +1100
Processing by StaticPagesController#home as HTML
  Rendered static_pages/home.html.erb within layouts/application (15.6ms)
  Rendered layouts/_shim.html.erb (0.0ms)
  Rendered layouts/_header.html.erb (0.0ms)
  Rendered layouts/_footer.html.erb (0.0ms)
Completed 200 OK in 369ms (Views: 377.1ms | ActiveRecord: 0.0ms)


Started GET "/help" for ::1 at 2015-09-03 19:24:50 +1100
Processing by StaticPagesController#help as HTML
  Rendered static_pages/help.html.erb within layouts/application (0.0ms)
  Rendered layouts/_shim.html.erb (0.0ms)
  Rendered layouts/_header.html.erb (0.0ms)
  Rendered layouts/_footer.html.erb (0.0ms)
Completed 200 OK in 493ms (Views: 485.9ms | ActiveRecord: 0.0ms)


Started GET "/contact" for ::1 at 2015-09-03 19:24:53 +1100
Processing by StaticPagesController#contact as HTML
  Rendered static_pages/contact.html.erb within layouts/application (0.0ms)
  Rendered layouts/_shim.html.erb (0.0ms)
  Rendered layouts/_header.html.erb (0.0ms)
  Rendered layouts/_footer.html.erb (15.6ms)
Completed 200 OK in 460ms (Views: 456.3ms | ActiveRecord: 0.0ms)


Started GET "/" for ::1 at 2015-09-03 19:24:58 +1100
Processing by StaticPagesController#home as HTML
  Rendered static_pages/home.html.erb within layouts/application (0.0ms)
  Rendered layouts/_shim.html.erb (0.0ms)
  Rendered layouts/_header.html.erb (0.0ms)
  Rendered layouts/_footer.html.erb (0.0ms)
Completed 200 OK in 257ms (Views: 267.0ms | ActiveRecord: 0.0ms)


Started GET "/signup" for ::1 at 2015-09-03 19:24:59 +1100
Processing by UsersController#new as HTML
  Rendered users/new.html.erb within layouts/application (0.0ms)
  Rendered layouts/_shim.html.erb (0.0ms)
  Rendered layouts/_header.html.erb (0.0ms)
  Rendered layouts/_footer.html.erb (0.0ms)
Completed 200 OK in 376ms (Views: 388.3ms | ActiveRecord: 0.0ms)


Started GET "/" for ::1 at 2015-09-03 19:25:01 +1100
Processing by StaticPagesController#home as HTML
  Rendered static_pages/home.html.erb within layouts/application (0.0ms)
  Rendered layouts/_shim.html.erb (0.0ms)
  Rendered layouts/_header.html.erb (0.0ms)
  Rendered layouts/_footer.html.erb (0.0ms)
Completed 200 OK in 408ms (Views: 414.1ms | ActiveRecord: 0.0ms)


Started GET "/" for ::1 at 2015-09-04 10:09:48 +1100
Processing by StaticPagesController#home as HTML
  Rendered static_pages/home.html.erb within layouts/application (132.0ms)
  Rendered layouts/_shim.html.erb (0.0ms)
  Rendered layouts/_header.html.erb (0.0ms)
  Rendered layouts/_footer.html.erb (0.0ms)
Completed 200 OK in 536ms (Views: 521.3ms | ActiveRecord: 0.0ms)


Started GET "/signup" for ::1 at 2015-09-04 10:09:51 +1100
Processing by UsersController#new as HTML
  Rendered users/new.html.erb within layouts/application (0.0ms)
  Rendered layouts/_shim.html.erb (15.6ms)
  Rendered layouts/_header.html.erb (15.6ms)
  Rendered layouts/_footer.html.erb (0.0ms)
Completed 200 OK in 306ms (Views: 310.2ms | ActiveRecord: 0.0ms)


Started GET "/" for ::1 at 2015-09-04 10:09:54 +1100
Processing by StaticPagesController#home as HTML
  Rendered static_pages/home.html.erb within layouts/application (4.0ms)
  Rendered layouts/_shim.html.erb (0.0ms)
  Rendered layouts/_header.html.erb (0.0ms)
  Rendered layouts/_footer.html.erb (0.0ms)
Completed 200 OK in 381ms (Views: 386.0ms | ActiveRecord: 0.0ms)


Started GET "/" for ::1 at 2015-09-04 10:09:55 +1100
Processing by StaticPagesController#home as HTML
  Rendered static_pages/home.html.erb within layouts/application (0.0ms)
  Rendered layouts/_shim.html.erb (0.0ms)
  Rendered layouts/_header.html.erb (0.0ms)
  Rendered layouts/_footer.html.erb (0.0ms)
Completed 200 OK in 238ms (Views: 250.0ms | ActiveRecord: 0.0ms)


Started GET "/help" for ::1 at 2015-09-04 10:09:57 +1100
Processing by StaticPagesController#help as HTML
  Rendered static_pages/help.html.erb within layouts/application (0.0ms)
  Rendered layouts/_shim.html.erb (0.0ms)
  Rendered layouts/_header.html.erb (0.0ms)
  Rendered layouts/_footer.html.erb (0.0ms)
Completed 200 OK in 554ms (Views: 553.6ms | ActiveRecord: 0.0ms)


Started GET "/about" for ::1 at 2015-09-04 10:09:59 +1100
Processing by StaticPagesController#about as HTML
  Rendered static_pages/about.html.erb within layouts/application (0.0ms)
  Rendered layouts/_shim.html.erb (15.6ms)
  Rendered layouts/_header.html.erb (0.0ms)
  Rendered layouts/_footer.html.erb (0.0ms)
Completed 200 OK in 276ms (Views: 274.7ms | ActiveRecord: 0.0ms)


Started GET "/contact" for ::1 at 2015-09-04 10:10:00 +1100
Processing by StaticPagesController#contact as HTML
  Rendered static_pages/contact.html.erb within layouts/application (4.0ms)
  Rendered layouts/_shim.html.erb (0.0ms)
  Rendered layouts/_header.html.erb (0.0ms)
  Rendered layouts/_footer.html.erb (0.0ms)
Completed 200 OK in 325ms (Views: 330.9ms | ActiveRecord: 0.0ms)


Started GET "/" for ::1 at 2015-09-04 10:10:02 +1100
Processing by StaticPagesController#home as HTML
  Rendered static_pages/home.html.erb within layouts/application (4.0ms)
  Rendered layouts/_shim.html.erb (0.0ms)
  Rendered layouts/_header.html.erb (0.0ms)
  Rendered layouts/_footer.html.erb (0.0ms)
Completed 200 OK in 299ms (Views: 296.7ms | ActiveRecord: 0.0ms)
  [1m[36m (31.3ms)[0m  [1mCREATE TABLE "schema_migrations" ("version" varchar NOT NULL) [0m
  [1m[35m (0.0ms)[0m  select sqlite_version(*)
  [1m[36m (31.2ms)[0m  [1mCREATE UNIQUE INDEX "unique_schema_migrations" ON "schema_migrations" ("version")[0m
  [1m[35mActiveRecord::SchemaMigration Load (0.0ms)[0m  SELECT "schema_migrations".* FROM "schema_migrations"
Migrating to CreateUsers (20150904004602)
  [1m[36m (0.0ms)[0m  [1mbegin transaction[0m
  [1m[35m (0.0ms)[0m  CREATE TABLE "users" ("id" INTEGER PRIMARY KEY AUTOINCREMENT NOT NULL, "name" varchar, "email" varchar, "created_at" datetime NOT NULL, "updated_at" datetime NOT NULL) 
  [1m[36mSQL (0.0ms)[0m  [1mINSERT INTO "schema_migrations" ("version") VALUES (?)[0m  [["version", "20150904004602"]]
  [1m[35m (46.8ms)[0m  commit transaction
  [1m[36mActiveRecord::SchemaMigration Load (0.0ms)[0m  [1mSELECT "schema_migrations".* FROM "schema_migrations"[0m
  [1m[36m (0.0ms)[0m  [1mbegin transaction[0m
  [1m[35m (0.0ms)[0m  SAVEPOINT active_record_1
  [1m[36mSQL (0.0ms)[0m  [1mINSERT INTO "users" ("name", "email", "created_at", "updated_at") VALUES (?, ?, ?, ?)[0m  [["name", "Vasia"], ["email", "pohyi@"], ["created_at", "2015-09-04 01:49:13.500455"], ["updated_at", "2015-09-04 01:49:13.500455"]]
  [1m[35m (0.0ms)[0m  RELEASE SAVEPOINT active_record_1
  [1m[36mUser Load (0.0ms)[0m  [1mSELECT  "users".* FROM "users" WHERE "users"."id" = ? LIMIT 1[0m  [["id", 1]]
  [1m[35mUser Load (0.0ms)[0m  SELECT  "users".* FROM "users" WHERE "users"."id" = ? LIMIT 1  [["id", 2]]
  [1m[36mUser Load (0.0ms)[0m  [1mSELECT  "users".* FROM "users" WHERE "users"."id" = ? LIMIT 1[0m  [["id", 3]]
  [1m[35m (0.0ms)[0m  SAVEPOINT active_record_1
  [1m[36mSQL (0.0ms)[0m  [1mINSERT INTO "users" ("name", "email", "created_at", "updated_at") VALUES (?, ?, ?, ?)[0m  [["name", "atata"], ["email", "tratata"], ["created_at", "2015-09-04 01:57:31.979143"], ["updated_at", "2015-09-04 01:57:31.979143"]]
  [1m[35m (0.0ms)[0m  RELEASE SAVEPOINT active_record_1
  [1m[36mUser Load (0.0ms)[0m  [1mSELECT  "users".* FROM "users" WHERE "users"."id" = ? LIMIT 1[0m  [["id", 2]]
  [1m[35mUser Load (0.0ms)[0m  SELECT  "users".* FROM "users" WHERE "users"."id" = ? LIMIT 1  [["id", 2]]
  [1m[36mUser Load (0.0ms)[0m  [1mSELECT  "users".* FROM "users" WHERE "users"."id" = ? LIMIT 1[0m  [["id", 2]]
  [1m[35mUser Load (0.0ms)[0m  SELECT  "users".* FROM "users" WHERE "users"."id" = ? LIMIT 1  [["id", 2]]
  [1m[36m (0.0ms)[0m  [1mSAVEPOINT active_record_1[0m
  [1m[35m (0.0ms)[0m  RELEASE SAVEPOINT active_record_1
  [1m[36mUser Load (0.0ms)[0m  [1mSELECT  "users".* FROM "users" WHERE "users"."id" = ? LIMIT 1[0m  [["id", 2]]
  [1m[35m (0.0ms)[0m  SAVEPOINT active_record_1
  [1m[36mSQL (0.0ms)[0m  [1mUPDATE "users" SET "email" = ?, "updated_at" = ? WHERE "users"."id" = ?[0m  [["email", "chack"], ["updated_at", "2015-09-04 02:07:02.549466"], ["id", 2]]
  [1m[35m (0.0ms)[0m  RELEASE SAVEPOINT active_record_1
  [1m[36mUser Load (0.0ms)[0m  [1mSELECT  "users".* FROM "users" WHERE "users"."id" = ? LIMIT 1[0m  [["id", 2]]
  [1m[35m (0.0ms)[0m  rollback transaction
  [1m[36mActiveRecord::SchemaMigration Load (0.0ms)[0m  [1mSELECT "schema_migrations".* FROM "schema_migrations"[0m
  [1m[35mActiveRecord::SchemaMigration Load (0.0ms)[0m  SELECT "schema_migrations".* FROM "schema_migrations"
  [1m[36m (0.0ms)[0m  [1mbegin transaction[0m
  [1m[36mActiveRecord::SchemaMigration Load (0.0ms)[0m  [1mSELECT "schema_migrations".* FROM "schema_migrations"[0m
Migrating to AddIndexToUsersEmail (20150904041702)
  [1m[35m (0.0ms)[0m  begin transaction
  [1m[36m (0.0ms)[0m  [1mselect sqlite_version(*)[0m
  [1m[35m (0.0ms)[0m  CREATE UNIQUE INDEX "index_users_on_email" ON "users" ("email")
  [1m[36mSQL (0.0ms)[0m  [1mINSERT INTO "schema_migrations" ("version") VALUES (?)[0m  [["version", "20150904041702"]]
  [1m[35m (31.3ms)[0m  commit transaction
  [1m[36mActiveRecord::SchemaMigration Load (0.0ms)[0m  [1mSELECT "schema_migrations".* FROM "schema_migrations"[0m
  [1m[35m (0.0ms)[0m              SELECT sql
            FROM sqlite_master
            WHERE name='index_users_on_email' AND type='index'
            UNION ALL
            SELECT sql
            FROM sqlite_temp_master
            WHERE name='index_users_on_email' AND type='index'

  [1m[35m (0.0ms)[0m  rollback transaction
  [1m[36mActiveRecord::SchemaMigration Load (0.0ms)[0m  [1mSELECT "schema_migrations".* FROM "schema_migrations"[0m
  [1m[35mActiveRecord::SchemaMigration Load (0.0ms)[0m  SELECT "schema_migrations".* FROM "schema_migrations"
  [1m[36m (0.0ms)[0m  [1m            SELECT sql
            FROM sqlite_master
            WHERE name='index_users_on_email' AND type='index'
            UNION ALL
            SELECT sql
            FROM sqlite_temp_master
            WHERE name='index_users_on_email' AND type='index'
[0m
  [1m[36mActiveRecord::SchemaMigration Load (0.0ms)[0m  [1mSELECT "schema_migrations".* FROM "schema_migrations"[0m
Migrating to AddPasswordDigestToUsers (20150904044603)
  [1m[35m (0.0ms)[0m  begin transaction
  [1m[36m (0.0ms)[0m  [1mALTER TABLE "users" ADD "password_digest" varchar[0m
  [1m[35mSQL (0.0ms)[0m  INSERT INTO "schema_migrations" ("version") VALUES (?)  [["version", "20150904044603"]]
  [1m[36m (31.3ms)[0m  [1mcommit transaction[0m
  [1m[35mActiveRecord::SchemaMigration Load (0.0ms)[0m  SELECT "schema_migrations".* FROM "schema_migrations"
  [1m[36m (0.0ms)[0m  [1m            SELECT sql
            FROM sqlite_master
            WHERE name='index_users_on_email' AND type='index'
            UNION ALL
            SELECT sql
            FROM sqlite_temp_master
            WHERE name='index_users_on_email' AND type='index'
[0m


Started GET "/" for ::1 at 2015-09-04 15:47:13 +1100
  [1m[36mActiveRecord::SchemaMigration Load (0.0ms)[0m  [1mSELECT "schema_migrations".* FROM "schema_migrations"[0m
Processing by StaticPagesController#home as HTML
  Rendered static_pages/home.html.erb within layouts/application (60.5ms)
  Rendered layouts/_shim.html.erb (0.0ms)
  Rendered layouts/_header.html.erb (3.6ms)
  Rendered layouts/_footer.html.erb (4.0ms)
Completed 200 OK in 1006ms (Views: 984.1ms | ActiveRecord: 0.0ms)


Started GET "/signup" for ::1 at 2015-09-04 15:47:22 +1100
Processing by UsersController#new as HTML
  Rendered users/new.html.erb within layouts/application (0.0ms)
  Rendered layouts/_shim.html.erb (0.0ms)
  Rendered layouts/_header.html.erb (0.0ms)
  Rendered layouts/_footer.html.erb (0.0ms)
Completed 200 OK in 300ms (Views: 302.6ms | ActiveRecord: 0.0ms)


Started GET "/signup" for ::1 at 2015-09-04 15:47:27 +1100
Processing by UsersController#new as HTML
  Rendered users/new.html.erb within layouts/application (0.0ms)
  Rendered layouts/_shim.html.erb (0.0ms)
  Rendered layouts/_header.html.erb (0.0ms)
  Rendered layouts/_footer.html.erb (16.3ms)
Completed 200 OK in 278ms (Views: 274.2ms | ActiveRecord: 0.0ms)


Started GET "/contact" for ::1 at 2015-09-04 15:47:29 +1100
Processing by StaticPagesController#contact as HTML
  Rendered static_pages/contact.html.erb within layouts/application (0.0ms)
  Rendered layouts/_shim.html.erb (0.0ms)
  Rendered layouts/_header.html.erb (0.0ms)
  Rendered layouts/_footer.html.erb (0.0ms)
Completed 200 OK in 252ms (Views: 254.4ms | ActiveRecord: 0.0ms)


Started GET "/about" for ::1 at 2015-09-04 15:47:30 +1100
Processing by StaticPagesController#about as HTML
  Rendered static_pages/about.html.erb within layouts/application (0.0ms)
  Rendered layouts/_shim.html.erb (0.0ms)
  Rendered layouts/_header.html.erb (0.0ms)
  Rendered layouts/_footer.html.erb (0.0ms)
Completed 200 OK in 275ms (Views: 275.8ms | ActiveRecord: 0.0ms)


Started GET "/help" for ::1 at 2015-09-04 15:47:31 +1100
Processing by StaticPagesController#help as HTML
  Rendered static_pages/help.html.erb within layouts/application (0.0ms)
  Rendered layouts/_shim.html.erb (0.0ms)
  Rendered layouts/_header.html.erb (0.0ms)
  Rendered layouts/_footer.html.erb (0.0ms)
Completed 200 OK in 270ms (Views: 261.8ms | ActiveRecord: 0.0ms)


Started GET "/" for ::1 at 2015-09-04 15:47:32 +1100
Processing by StaticPagesController#home as HTML
  Rendered static_pages/home.html.erb within layouts/application (0.0ms)
  Rendered layouts/_shim.html.erb (0.0ms)
  Rendered layouts/_header.html.erb (0.0ms)
  Rendered layouts/_footer.html.erb (0.0ms)
Completed 200 OK in 252ms (Views: 257.6ms | ActiveRecord: 0.0ms)
  [1m[36mActiveRecord::SchemaMigration Load (0.0ms)[0m  [1mSELECT "schema_migrations".* FROM "schema_migrations"[0m
  [1m[35mActiveRecord::SchemaMigration Load (0.0ms)[0m  SELECT "schema_migrations".* FROM "schema_migrations"
  [1m[36m (0.0ms)[0m  [1m            SELECT sql
            FROM sqlite_master
            WHERE name='index_users_on_email' AND type='index'
            UNION ALL
            SELECT sql
            FROM sqlite_temp_master
            WHERE name='index_users_on_email' AND type='index'
[0m


Started GET "/" for ::1 at 2015-09-06 15:43:32 +1100
  [1m[36mActiveRecord::SchemaMigration Load (1.0ms)[0m  [1mSELECT "schema_migrations".* FROM "schema_migrations"[0m
Processing by StaticPagesController#home as HTML
  Rendered static_pages/home.html.erb within layouts/application (244.4ms)
  Rendered layouts/_shim.html.erb (1.0ms)
  Rendered layouts/_header.html.erb (1.0ms)
  Rendered layouts/_footer.html.erb (1.0ms)
Completed 200 OK in 919ms (Views: 892.3ms | ActiveRecord: 0.0ms)
  [1m[36mActiveRecord::SchemaMigration Load (0.0ms)[0m  [1mSELECT "schema_migrations".* FROM "schema_migrations"[0m
  [1m[35m (1.0ms)[0m              SELECT sql
            FROM sqlite_master
            WHERE name='index_users_on_email' AND type='index'
            UNION ALL
            SELECT sql
            FROM sqlite_temp_master
            WHERE name='index_users_on_email' AND type='index'

  [1m[36mActiveRecord::SchemaMigration Load (1.0ms)[0m  [1mSELECT "schema_migrations".* FROM "schema_migrations"[0m
Migrating to CreateUsers (20150906050554)
  [1m[35m (1.0ms)[0m  begin transaction
  [1m[36m (3.0ms)[0m  [1mCREATE TABLE "users" ("id" INTEGER PRIMARY KEY AUTOINCREMENT NOT NULL, "name" varchar, "email" varchar, "created_at" datetime NOT NULL, "updated_at" datetime NOT NULL) [0m
SQLite3::SQLException: table "users" already exists: CREATE TABLE "users" ("id" INTEGER PRIMARY KEY AUTOINCREMENT NOT NULL, "name" varchar, "email" varchar, "created_at" datetime NOT NULL, "updated_at" datetime NOT NULL) 
  [1m[35m (0.0ms)[0m  rollback transaction
  [1m[36mActiveRecord::SchemaMigration Load (0.0ms)[0m  [1mSELECT "schema_migrations".* FROM "schema_migrations"[0m
Migrating to CreateUsers (20150906050554)
  [1m[35m (0.0ms)[0m  begin transaction
  [1m[36m (6.9ms)[0m  [1mCREATE TABLE "users" ("id" INTEGER PRIMARY KEY AUTOINCREMENT NOT NULL, "name" varchar, "email" varchar, "created_at" datetime NOT NULL, "updated_at" datetime NOT NULL) [0m
  [1m[35mSQL (1.0ms)[0m  INSERT INTO "schema_migrations" ("version") VALUES (?)  [["version", "20150906050554"]]
  [1m[36m (35.2ms)[0m  [1mcommit transaction[0m
  [1m[35mActiveRecord::SchemaMigration Load (1.0ms)[0m  SELECT "schema_migrations".* FROM "schema_migrations"


Started GET "/" for ::1 at 2015-09-06 16:26:29 +1100
  [1m[36mActiveRecord::SchemaMigration Load (0.0ms)[0m  [1mSELECT "schema_migrations".* FROM "schema_migrations"[0m
Processing by StaticPagesController#home as HTML
  Rendered static_pages/home.html.erb within layouts/application (171.1ms)
  Rendered layouts/_shim.html.erb (0.0ms)
  Rendered layouts/_header.html.erb (1.0ms)
  Rendered layouts/_footer.html.erb (0.0ms)
Completed 200 OK in 590ms (Views: 543.1ms | ActiveRecord: 0.0ms)


Started GET "/assets/custom.self-838a6efaf67cf8563e9640a7f12fe6e5bc735b0a15ef83e5b85c6e39f1b428d3.css?body=1" for ::1 at 2015-09-06 16:26:30 +1100


Started GET "/assets/static_pages.self-e3b0c44298fc1c149afbf4c8996fb92427ae41e4649b934ca495991b7852b855.css?body=1" for ::1 at 2015-09-06 16:26:30 +1100


Started GET "/assets/users.self-e3b0c44298fc1c149afbf4c8996fb92427ae41e4649b934ca495991b7852b855.css?body=1" for ::1 at 2015-09-06 16:26:30 +1100


Started GET "/assets/application.self-e80e8f2318043e8af94dddc2adad5a4f09739a8ebb323b3ab31cd71d45fd9113.css?body=1" for ::1 at 2015-09-06 16:26:30 +1100


Started GET "/assets/jquery.self-a714331225dda820228db323939889f149aec0127aeb06255646b616ba1ca419.js?body=1" for ::1 at 2015-09-06 16:26:31 +1100


Started GET "/assets/jquery_ujs.self-d456baa54c1fa6be2ec3711f0a72ddf7a5b2f34a6b4f515f33767d6207b7d4b3.js?body=1" for ::1 at 2015-09-06 16:26:31 +1100


Started GET "/assets/turbolinks.self-c37727e9bd6b2735da5c311aa83fead54ed0be6cc8bd9a65309e9c5abe2cbfff.js?body=1" for ::1 at 2015-09-06 16:26:31 +1100


Started GET "/assets/users.self-877aef30ae1b040ab8a3aba4e3e309a11d7f2612f44dde450b5c157aa5f95c05.js?body=1" for ::1 at 2015-09-06 16:26:31 +1100


Started GET "/assets/static_pages.self-877aef30ae1b040ab8a3aba4e3e309a11d7f2612f44dde450b5c157aa5f95c05.js?body=1" for ::1 at 2015-09-06 16:26:31 +1100


Started GET "/assets/application.self-3b8dabdc891efe46b9a144b400ad69e37d7e5876bdc39dee783419a69d7ca819.js?body=1" for ::1 at 2015-09-06 16:26:31 +1100


Started GET "/assets/rails-9720ce92c294af48a05710a180f38de1395b304065cf355bf95037ad8f449e87.png" for ::1 at 2015-09-06 16:26:31 +1100
  [1m[36m (1.0ms)[0m  [1mbegin transaction[0m


Started GET "/" for ::1 at 2015-09-06 16:52:00 +1100
Processing by StaticPagesController#home as HTML
  Rendered static_pages/home.html.erb within layouts/application (7.0ms)
  Rendered layouts/_shim.html.erb (0.0ms)
  Rendered layouts/_header.html.erb (1.0ms)
  Rendered layouts/_footer.html.erb (0.0ms)
Completed 200 OK in 351ms (Views: 350.0ms | ActiveRecord: 0.0ms)
  [1m[36mActiveRecord::SchemaMigration Load (0.0ms)[0m  [1mSELECT "schema_migrations".* FROM "schema_migrations"[0m
Migrating to AddIndexToUsersEmail (20150906060718)
  [1m[35m (0.0ms)[0m  begin transaction
  [1m[36m (1.0ms)[0m  [1mselect sqlite_version(*)[0m
  [1m[35m (1.0ms)[0m  CREATE UNIQUE INDEX "index_users_on_email" ON "users" ("email")
  [1m[36mSQL (2.0ms)[0m  [1mINSERT INTO "schema_migrations" ("version") VALUES (?)[0m  [["version", "20150906060718"]]
  [1m[35m (25.0ms)[0m  commit transaction
  [1m[36mActiveRecord::SchemaMigration Load (0.5ms)[0m  [1mSELECT "schema_migrations".* FROM "schema_migrations"[0m
  [1m[35m (0.0ms)[0m              SELECT sql
            FROM sqlite_master
            WHERE name='index_users_on_email' AND type='index'
            UNION ALL
            SELECT sql
            FROM sqlite_temp_master
            WHERE name='index_users_on_email' AND type='index'

  [1m[36mActiveRecord::SchemaMigration Load (0.0ms)[0m  [1mSELECT "schema_migrations".* FROM "schema_migrations"[0m
Migrating to AddPasswordDigestToUsers (20150906061918)
  [1m[35m (0.0ms)[0m  begin transaction
  [1m[36m (0.0ms)[0m  [1mALTER TABLE "users" ADD "password_digest" varchar[0m
  [1m[35mSQL (0.0ms)[0m  INSERT INTO "schema_migrations" ("version") VALUES (?)  [["version", "20150906061918"]]
  [1m[36m (31.2ms)[0m  [1mcommit transaction[0m
  [1m[35mActiveRecord::SchemaMigration Load (0.0ms)[0m  SELECT "schema_migrations".* FROM "schema_migrations"
  [1m[36m (0.0ms)[0m  [1m            SELECT sql
            FROM sqlite_master
            WHERE name='index_users_on_email' AND type='index'
            UNION ALL
            SELECT sql
            FROM sqlite_temp_master
            WHERE name='index_users_on_email' AND type='index'
[0m
